
Found perl:
   /usr/bin/perl
   This is perl 5, version 16, subversion 3 (v5.16.3) built for x86_64-linux-thread-multi

Found java:
   /sw/comp/java/x86_64/sun_jdk1.8.0_151/bin/java
   java version "1.8.0_151"

Found canu:
   /sw/bioinfo/canu/2.2/rackham/bin/canu
   canu snapshot v2.2 +0 changes (r10279 af9c6e709ff2d6473cf966702c420b9eb42d9078)

Running job 1 based on command line options.
Initializing.
Opening seqStore '../../genome_assembly.seqStore'.
Correcting reads 1 to 215276.
  Allowing alignment errors in simple sequence repeats (-s not supplied).
Reading 400414 corrections from './red.red'.
Correcting 68679173 bases with 171000 indel adjustments.
--Allocate 65 + 1 + 6 MB for bases, adjusts and reads.
Corrected 68621102 bases with 14138 substitutions, 58071 deletions and 112929 insertions.
Loading overlaps.
Read_Olaps()--  Loading 224886 overlaps from '../genome_assembly.ovlStore' for reads 1 to 215276
--Allocate 6 MB for overlaps.
Read_Olaps()--  Loaded 224886 overlaps -- 112576 normal and 112310 innie.
Sorting overlaps.
Recomputing overlaps.
--Allocate 8 MB for fseq and rseq.
--Allocate 32 MB for fadj and radj.
--Allocate 16 MB for pedWorkArea_t.
-- Allocate 0 MB for Edit_Array pointers.
Recomputing overlaps -        15 -        15 -    215263
--Allocate 16 MB for edit array work space 0 (positions 0-4092)
Recomputing overlaps -        15 -      1039 -    215263
Recomputing overlaps -        15 -      2063 -    215263
Recomputing overlaps -        15 -      3087 -    215263
Recomputing overlaps -        15 -      4111 -    215263
Recomputing overlaps -        15 -      5135 -    215263
Recomputing overlaps -        15 -      6159 -    215263
Recomputing overlaps -        15 -      7183 -    215263
Recomputing overlaps -        15 -      8207 -    215263
Recomputing overlaps -        15 -      9231 -    215263
Recomputing overlaps -        15 -     10255 -    215263
Recomputing overlaps -        15 -     11279 -    215263
Recomputing overlaps -        15 -     12303 -    215263
Recomputing overlaps -        15 -     13327 -    215263
Recomputing overlaps -        15 -     14351 -    215263
Recomputing overlaps -        15 -     15375 -    215263
Recomputing overlaps -        15 -     16399 -    215263
Recomputing overlaps -        15 -     17423 -    215263
Recomputing overlaps -        15 -     18447 -    215263
Recomputing overlaps -        15 -     19471 -    215263
Recomputing overlaps -        15 -     20495 -    215263
Recomputing overlaps -        15 -     21519 -    215263
Recomputing overlaps -        15 -     22543 -    215263
Recomputing overlaps -        15 -     23567 -    215263
Recomputing overlaps -        15 -     24591 -    215263
Recomputing overlaps -        15 -     25615 -    215263
Recomputing overlaps -        15 -     26639 -    215263
Recomputing overlaps -        15 -     27663 -    215263
Recomputing overlaps -        15 -     28687 -    215263
Recomputing overlaps -        15 -     29711 -    215263
Recomputing overlaps -        15 -     30735 -    215263
Recomputing overlaps -        15 -     31759 -    215263
Recomputing overlaps -        15 -     32783 -    215263
Recomputing overlaps -        15 -     33807 -    215263
Recomputing overlaps -        15 -     34831 -    215263
Recomputing overlaps -        15 -     35855 -    215263
Recomputing overlaps -        15 -     36879 -    215263
Recomputing overlaps -        15 -     37903 -    215263
Recomputing overlaps -        15 -     38927 -    215263
Recomputing overlaps -        15 -     39951 -    215263
Recomputing overlaps -        15 -     40975 -    215263
Recomputing overlaps -        15 -     41999 -    215263
Recomputing overlaps -        15 -     43023 -    215263
Recomputing overlaps -        15 -     44047 -    215263
Recomputing overlaps -        15 -     45071 -    215263
Recomputing overlaps -        15 -     46095 -    215263
Recomputing overlaps -        15 -     47119 -    215263
Recomputing overlaps -        15 -     48143 -    215263
Recomputing overlaps -        15 -     49167 -    215263
Recomputing overlaps -        15 -     50191 -    215263
Recomputing overlaps -        15 -     51215 -    215263
Recomputing overlaps -        15 -     52239 -    215263
Recomputing overlaps -        15 -     53263 -    215263
Recomputing overlaps -        15 -     54287 -    215263
Recomputing overlaps -        15 -     55311 -    215263
Recomputing overlaps -        15 -     56335 -    215263
Recomputing overlaps -        15 -     57359 -    215263
Recomputing overlaps -        15 -     58383 -    215263
Recomputing overlaps -        15 -     59407 -    215263
Recomputing overlaps -        15 -     60431 -    215263
Recomputing overlaps -        15 -     61455 -    215263
Recomputing overlaps -        15 -     62479 -    215263
Recomputing overlaps -        15 -     63503 -    215263
Recomputing overlaps -        15 -     64527 -    215263
Recomputing overlaps -        15 -     65551 -    215263
Recomputing overlaps -        15 -     66575 -    215263
Recomputing overlaps -        15 -     67599 -    215263
Recomputing overlaps -        15 -     68623 -    215263
Recomputing overlaps -        15 -     69647 -    215263
Recomputing overlaps -        15 -     70671 -    215263
Recomputing overlaps -        15 -     71695 -    215263
Recomputing overlaps -        15 -     72719 -    215263
Recomputing overlaps -        15 -     73743 -    215263
Recomputing overlaps -        15 -     74767 -    215263
Recomputing overlaps -        15 -     75791 -    215263
Recomputing overlaps -        15 -     76815 -    215263
Recomputing overlaps -        15 -     77839 -    215263
Recomputing overlaps -        15 -     78863 -    215263
Recomputing overlaps -        15 -     79887 -    215263
Recomputing overlaps -        15 -     80911 -    215263
Recomputing overlaps -        15 -     81935 -    215263
Recomputing overlaps -        15 -     82959 -    215263
Recomputing overlaps -        15 -     83983 -    215263
Recomputing overlaps -        15 -     85007 -    215263
Recomputing overlaps -        15 -     86031 -    215263
Recomputing overlaps -        15 -     87055 -    215263
Recomputing overlaps -        15 -     88079 -    215263
Recomputing overlaps -        15 -     89103 -    215263
Recomputing overlaps -        15 -     90127 -    215263
Recomputing overlaps -        15 -     91151 -    215263
Recomputing overlaps -        15 -     92175 -    215263
Recomputing overlaps -        15 -     93199 -    215263
Recomputing overlaps -        15 -     94223 -    215263
Recomputing overlaps -        15 -     95247 -    215263
Recomputing overlaps -        15 -     96271 -    215263
Recomputing overlaps -        15 -     97295 -    215263
Recomputing overlaps -        15 -     98319 -    215263
Recomputing overlaps -        15 -     99343 -    215263
Recomputing overlaps -        15 -    100367 -    215263
Recomputing overlaps -        15 -    101391 -    215263
Recomputing overlaps -        15 -    102415 -    215263
Recomputing overlaps -        15 -    103439 -    215263
Recomputing overlaps -        15 -    104463 -    215263
Recomputing overlaps -        15 -    105487 -    215263
Recomputing overlaps -        15 -    106511 -    215263
Recomputing overlaps -        15 -    107535 -    215263
Recomputing overlaps -        15 -    108559 -    215263
Recomputing overlaps -        15 -    109583 -    215263
Recomputing overlaps -        15 -    110607 -    215263
Recomputing overlaps -        15 -    111631 -    215263
Recomputing overlaps -        15 -    112655 -    215263
Recomputing overlaps -        15 -    113679 -    215263
Recomputing overlaps -        15 -    114703 -    215263
Recomputing overlaps -        15 -    115727 -    215263
Recomputing overlaps -        15 -    116751 -    215263
Recomputing overlaps -        15 -    117775 -    215263
Recomputing overlaps -        15 -    118799 -    215263
Recomputing overlaps -        15 -    119823 -    215263
Recomputing overlaps -        15 -    120847 -    215263
Recomputing overlaps -        15 -    121871 -    215263
Recomputing overlaps -        15 -    122895 -    215263
Recomputing overlaps -        15 -    123919 -    215263
Recomputing overlaps -        15 -    124943 -    215263
Recomputing overlaps -        15 -    125967 -    215263
Recomputing overlaps -        15 -    126991 -    215263
Recomputing overlaps -        15 -    128015 -    215263
Recomputing overlaps -        15 -    129039 -    215263
Recomputing overlaps -        15 -    130063 -    215263
Recomputing overlaps -        15 -    131087 -    215263
Recomputing overlaps -        15 -    132111 -    215263
Recomputing overlaps -        15 -    133135 -    215263
Recomputing overlaps -        15 -    134159 -    215263
Recomputing overlaps -        15 -    135183 -    215263
Recomputing overlaps -        15 -    136207 -    215263
Recomputing overlaps -        15 -    137231 -    215263
Recomputing overlaps -        15 -    138255 -    215263
Recomputing overlaps -        15 -    139279 -    215263
Recomputing overlaps -        15 -    140303 -    215263
Recomputing overlaps -        15 -    141327 -    215263
Recomputing overlaps -        15 -    142351 -    215263
Recomputing overlaps -        15 -    143375 -    215263
Recomputing overlaps -        15 -    144399 -    215263
Recomputing overlaps -        15 -    145423 -    215263
Recomputing overlaps -        15 -    146447 -    215263
Recomputing overlaps -        15 -    147471 -    215263
Recomputing overlaps -        15 -    148495 -    215263
Recomputing overlaps -        15 -    149519 -    215263
Recomputing overlaps -        15 -    150543 -    215263
Recomputing overlaps -        15 -    151567 -    215263
Recomputing overlaps -        15 -    152591 -    215263
Recomputing overlaps -        15 -    153615 -    215263
Recomputing overlaps -        15 -    154639 -    215263
Recomputing overlaps -        15 -    155663 -    215263
Recomputing overlaps -        15 -    156687 -    215263
Recomputing overlaps -        15 -    157711 -    215263
Recomputing overlaps -        15 -    158735 -    215263
Recomputing overlaps -        15 -    159759 -    215263
Recomputing overlaps -        15 -    160783 -    215263
Recomputing overlaps -        15 -    161807 -    215263
Recomputing overlaps -        15 -    162831 -    215263
Recomputing overlaps -        15 -    163855 -    215263
Recomputing overlaps -        15 -    164879 -    215263
Recomputing overlaps -        15 -    165903 -    215263
Recomputing overlaps -        15 -    166927 -    215263
Recomputing overlaps -        15 -    167951 -    215263
Recomputing overlaps -        15 -    168975 -    215263
Recomputing overlaps -        15 -    169999 -    215263
Recomputing overlaps -        15 -    171023 -    215263
Recomputing overlaps -        15 -    172047 -    215263
Recomputing overlaps -        15 -    173071 -    215263
Recomputing overlaps -        15 -    174095 -    215263
Recomputing overlaps -        15 -    175119 -    215263
Recomputing overlaps -        15 -    176143 -    215263
Recomputing overlaps -        15 -    177167 -    215263
Recomputing overlaps -        15 -    178191 -    215263
Recomputing overlaps -        15 -    179215 -    215263
Recomputing overlaps -        15 -    180239 -    215263
Recomputing overlaps -        15 -    181263 -    215263
Recomputing overlaps -        15 -    182287 -    215263
Recomputing overlaps -        15 -    183311 -    215263
Recomputing overlaps -        15 -    184335 -    215263
Recomputing overlaps -        15 -    185359 -    215263
Recomputing overlaps -        15 -    186383 -    215263
Recomputing overlaps -        15 -    187407 -    215263
Recomputing overlaps -        15 -    188431 -    215263
Recomputing overlaps -        15 -    189455 -    215263
Recomputing overlaps -        15 -    190479 -    215263
Recomputing overlaps -        15 -    191503 -    215263
Recomputing overlaps -        15 -    192527 -    215263
Recomputing overlaps -        15 -    193551 -    215263
Recomputing overlaps -        15 -    194575 -    215263
Recomputing overlaps -        15 -    195599 -    215263
Recomputing overlaps -        15 -    196623 -    215263
Recomputing overlaps -        15 -    197647 -    215263
Recomputing overlaps -        15 -    198671 -    215263
Recomputing overlaps -        15 -    199695 -    215263
Recomputing overlaps -        15 -    200719 -    215263
Recomputing overlaps -        15 -    201743 -    215263
Recomputing overlaps -        15 -    202767 -    215263
Recomputing overlaps -        15 -    203791 -    215263
Recomputing overlaps -        15 -    204815 -    215263
Recomputing overlaps -        15 -    205839 -    215263
Recomputing overlaps -        15 -    206863 -    215263
Recomputing overlaps -        15 -    207887 -    215263
Recomputing overlaps -        15 -    208911 -    215263
Recomputing overlaps -        15 -    209935 -    215263
Recomputing overlaps -        15 -    210959 -    215263
Recomputing overlaps -        15 -    211983 -    215263
Recomputing overlaps -        15 -    213007 -    215263
Recomputing overlaps -        15 -    214031 -    215263
Recomputing overlaps -        15 -    215055 -    215263

--  Release bases, adjusts and reads.
Olaps Fwd 112576
Olaps Rev 112310
Total:  224886
Failed: 51 (both)
Failed: 53 (either)
Failed: 53 (match to end)
Failed: 51 (negative length)
Changed 224833 overlaps.
Better: 224611 overlaps.
Worse:  8 overlaps.
Same:   214 overlaps.
Sorting overlaps.
Saving corrected error rates to file ./00001.oea.WORKING
--Allocate 0 MB for output error rates.

Bye.
