
Found perl:
   /usr/bin/perl
   This is perl 5, version 16, subversion 3 (v5.16.3) built for x86_64-linux-thread-multi

Found java:
   /sw/comp/java/x86_64/sun_jdk1.8.0_151/bin/java
   java version "1.8.0_151"

Found canu:
   /sw/bioinfo/canu/2.2/rackham/bin/canu
   canu snapshot v2.2 +0 changes (r10279 af9c6e709ff2d6473cf966702c420b9eb42d9078)

Running job 40 based on command line options.
Fetch blocks/000013.dat
Fetch blocks/000014.dat

Running block 000008 in query 000040

Running with these settings:
--filter-threshold = 1.0E-7
--help = false
--max-shift = 0.2
--min-olap-length = 500
--min-store-length = 0
--no-rc = false
--no-self = true
--no-tf = false
--num-hashes = 256
--num-min-matches = 3
--num-threads = 2
--ordered-kmer-size = 14
--ordered-sketch-size = 1000
--repeat-idf-scale = 10.0
--repeat-weight = 0.9
--settings = 0
--store-full-id = true
--supress-noise = 0
--threshold = 0.8
--version = false
-f = 
-h = false
-k = 16
-p = 
-q = queries/000040
-s = ./blocks/000008.dat

Processing files for storage in reverse index...
Current # sequences loaded and processed from file: 5000...
Current # sequences stored: 5000...
Stored 6524 sequences in the index.
Processed 6524 unique sequences (fwd and rev).
Time (s) to read and hash from file: 1.5903778210000001
Opened fasta file /domus/h1/magdap/genome_analyses/Genome-Analysis-lab/analyses/01_genome_assembly/correction/1-overlapper/blocks/000013.dat.
Processed 3240 to sequences.
Time (s) to score, hash to-file, and output: 2.400103806
Opened fasta file /domus/h1/magdap/genome_analyses/Genome-Analysis-lab/analyses/01_genome_assembly/correction/1-overlapper/blocks/000014.dat.
Processed 938 to sequences.
Time (s) to score, hash to-file, and output: 0.357481734
Total scoring time (s): 2.7700344890000004
Total time (s): 4.3605262410000005
MinHash search time (s): 0.532652935
Total matches found: 19261
Average number of matches per lookup: 4.610100526567736
Average number of table elements processed per lookup: 55.840593585447586
Average number of table elements processed per match: 12.112662893930741
Average % of hashed sequences hit per lookup: 0.46041658167405747
Average % of hashed sequences hit that are matches: 15.347777237702893
Average % of hashed sequences fully compared that are matches: 88.73583341011701
