
Found perl:
   /usr/bin/perl
   This is perl 5, version 16, subversion 3 (v5.16.3) built for x86_64-linux-thread-multi

Found java:
   /sw/comp/java/x86_64/sun_jdk1.8.0_151/bin/java
   java version "1.8.0_151"

Found canu:
   /sw/bioinfo/canu/2.2/rackham/bin/canu
   canu snapshot v2.2 +0 changes (r10279 af9c6e709ff2d6473cf966702c420b9eb42d9078)

Running job 46 based on command line options.
Fetch blocks/000012.dat
Fetch blocks/000013.dat

Running block 000011 in query 000046

Running with these settings:
--filter-threshold = 1.0E-7
--help = false
--max-shift = 0.2
--min-olap-length = 500
--min-store-length = 0
--no-rc = false
--no-self = false
--no-tf = false
--num-hashes = 256
--num-min-matches = 3
--num-threads = 2
--ordered-kmer-size = 14
--ordered-sketch-size = 1000
--repeat-idf-scale = 10.0
--repeat-weight = 0.9
--settings = 0
--store-full-id = true
--supress-noise = 0
--threshold = 0.8
--version = false
-f = 
-h = false
-k = 16
-p = 
-q = queries/000046
-s = ./blocks/000011.dat

Processing files for storage in reverse index...
Current # sequences loaded and processed from file: 5000...
Current # sequences stored: 5000...
Stored 6402 sequences in the index.
Processed 6402 unique sequences (fwd and rev).
Time (s) to read and hash from file: 1.5769331590000002
Time (s) to score and output to self: 1.297179826
Opened fasta file /domus/h1/magdap/genome_analyses/Genome-Analysis-lab/analyses/01_genome_assembly/correction/1-overlapper/blocks/000012.dat.
Processed 3193 to sequences.
Time (s) to score, hash to-file, and output: 1.9739647160000002
Opened fasta file /domus/h1/magdap/genome_analyses/Genome-Analysis-lab/analyses/01_genome_assembly/correction/1-overlapper/blocks/000013.dat.
Processed 3240 to sequences.
Time (s) to score, hash to-file, and output: 1.5570406030000001
Total scoring time (s): 4.840737744
Total time (s): 6.4177705970000005
MinHash search time (s): 1.1669558150000001
Total matches found: 32534
Average number of matches per lookup: 3.376998131617189
Average number of table elements processed per lookup: 135.48972389454016
Average number of table elements processed per match: 40.12134997233663
Average % of hashed sequences hit per lookup: 0.4567141768612505
Average % of hashed sequences hit that are matches: 11.549698779141387
Average % of hashed sequences fully compared that are matches: 89.57845755665079
