
Found perl:
   /usr/bin/perl
   This is perl 5, version 16, subversion 3 (v5.16.3) built for x86_64-linux-thread-multi

Found java:
   /sw/comp/java/x86_64/sun_jdk1.8.0_151/bin/java
   java version "1.8.0_151"

Found canu:
   /sw/bioinfo/canu/2.2/rackham/bin/canu
   canu snapshot v2.2 +0 changes (r10279 af9c6e709ff2d6473cf966702c420b9eb42d9078)

Running job 50 based on command line options.

Running block 000014 in query 000050

Running with these settings:
--filter-threshold = 1.0E-7
--help = false
--max-shift = 0.2
--min-olap-length = 500
--min-store-length = 0
--no-rc = false
--no-self = false
--no-tf = false
--num-hashes = 256
--num-min-matches = 3
--num-threads = 2
--ordered-kmer-size = 14
--ordered-sketch-size = 1000
--repeat-idf-scale = 10.0
--repeat-weight = 0.9
--settings = 0
--store-full-id = true
--supress-noise = 0
--threshold = 0.8
--version = false
-f = 
-h = false
-k = 16
-p = 
-q = queries/000050
-s = ./blocks/000014.dat

Processing files for storage in reverse index...
Stored 1876 sequences in the index.
Processed 1876 unique sequences (fwd and rev).
Time (s) to read and hash from file: 0.619974656
Time (s) to score and output to self: 0.335232218
Total scoring time (s): 0.33646206700000003
Total time (s): 0.956567589
MinHash search time (s): 0.164219039
Total matches found: 671
Average number of matches per lookup: 0.7153518123667377
Average number of table elements processed per lookup: 271.99040511727077
Average number of table elements processed per match: 380.21907600596126
Average % of hashed sequences hit per lookup: 0.49684944149190086
Average % of hashed sequences hit that are matches: 7.674711197529452
Average % of hashed sequences fully compared that are matches: 91.29251700680273
