
Found perl:
   /usr/bin/perl
   This is perl 5, version 16, subversion 3 (v5.16.3) built for x86_64-linux-thread-multi

Found java:
   /sw/comp/java/x86_64/sun_jdk1.8.0_151/bin/java
   java version "1.8.0_151"

Found canu:
   /sw/bioinfo/canu/2.2/rackham/bin/canu
   canu snapshot v2.2 +0 changes (r10279 af9c6e709ff2d6473cf966702c420b9eb42d9078)

Running job 14 based on command line options.
Fetch blocks/000004.dat
Fetch blocks/000005.dat

Running block 000003 in query 000014

Running with these settings:
--filter-threshold = 1.0E-7
--help = false
--max-shift = 0.2
--min-olap-length = 500
--min-store-length = 0
--no-rc = false
--no-self = false
--no-tf = false
--num-hashes = 256
--num-min-matches = 3
--num-threads = 2
--ordered-kmer-size = 14
--ordered-sketch-size = 1000
--repeat-idf-scale = 10.0
--repeat-weight = 0.9
--settings = 0
--store-full-id = true
--supress-noise = 0
--threshold = 0.8
--version = false
-f = 
-h = false
-k = 16
-p = 
-q = queries/000014
-s = ./blocks/000003.dat

Processing files for storage in reverse index...
Current # sequences loaded and processed from file: 5000...
Current # sequences stored: 5000...
Stored 6358 sequences in the index.
Processed 6358 unique sequences (fwd and rev).
Time (s) to read and hash from file: 1.563225617
Time (s) to score and output to self: 1.287623452
Opened fasta file /domus/h1/magdap/genome_analyses/Genome-Analysis-lab/analyses/01_genome_assembly/correction/1-overlapper/blocks/000004.dat.
Processed 3228 to sequences.
Time (s) to score, hash to-file, and output: 1.856285927
Opened fasta file /domus/h1/magdap/genome_analyses/Genome-Analysis-lab/analyses/01_genome_assembly/correction/1-overlapper/blocks/000005.dat.
Processed 3278 to sequences.
Time (s) to score, hash to-file, and output: 1.5550147520000002
Total scoring time (s): 4.711807832
Total time (s): 6.275141894000001
MinHash search time (s): 1.0729158030000001
Total matches found: 40510
Average number of matches per lookup: 4.182756840474961
Average number of table elements processed per lookup: 150.61187403200827
Average number of table elements processed per match: 36.00780054307578
Average % of hashed sequences hit per lookup: 0.5777086757556325
Average % of hashed sequences hit that are matches: 11.387626251978288
Average % of hashed sequences fully compared that are matches: 89.10934647280087
