
Found perl:
   /usr/bin/perl
   This is perl 5, version 16, subversion 3 (v5.16.3) built for x86_64-linux-thread-multi

Found java:
   /sw/comp/java/x86_64/sun_jdk1.8.0_151/bin/java
   java version "1.8.0_151"

Found canu:
   /sw/bioinfo/canu/2.2/rackham/bin/canu
   canu snapshot v2.2 +0 changes (r10279 af9c6e709ff2d6473cf966702c420b9eb42d9078)

Running job 25 based on command line options.
Fetch blocks/000006.dat
Fetch blocks/000007.dat

Running block 000005 in query 000025

Running with these settings:
--filter-threshold = 1.0E-7
--help = false
--max-shift = 0.2
--min-olap-length = 500
--min-store-length = 0
--no-rc = false
--no-self = false
--no-tf = false
--num-hashes = 256
--num-min-matches = 3
--num-threads = 2
--ordered-kmer-size = 14
--ordered-sketch-size = 1000
--repeat-idf-scale = 10.0
--repeat-weight = 0.9
--settings = 0
--store-full-id = true
--supress-noise = 0
--threshold = 0.8
--version = false
-f = 
-h = false
-k = 16
-p = 
-q = queries/000025
-s = ./blocks/000005.dat

Processing files for storage in reverse index...
Current # sequences loaded and processed from file: 5000...
Current # sequences stored: 5000...
Stored 6556 sequences in the index.
Processed 6556 unique sequences (fwd and rev).
Time (s) to read and hash from file: 1.587832372
Time (s) to score and output to self: 1.221353516
Opened fasta file /domus/h1/magdap/genome_analyses/Genome-Analysis-lab/analyses/01_genome_assembly/correction/1-overlapper/blocks/000006.dat.
Processed 3271 to sequences.
Time (s) to score, hash to-file, and output: 2.03775333
Opened fasta file /domus/h1/magdap/genome_analyses/Genome-Analysis-lab/analyses/01_genome_assembly/correction/1-overlapper/blocks/000007.dat.
Processed 3133 to sequences.
Time (s) to score, hash to-file, and output: 1.27181201
Total scoring time (s): 4.543240627
Total time (s): 6.13116898
MinHash search time (s): 1.5090771360000002
Total matches found: 39957
Average number of matches per lookup: 4.126936583350547
Average number of table elements processed per lookup: 150.32080148729602
Average number of table elements processed per match: 36.42430612908877
Average % of hashed sequences hit per lookup: 0.5277400342483407
Average % of hashed sequences hit that are matches: 11.928032383636234
Average % of hashed sequences fully compared that are matches: 88.59645232815964
