
Found perl:
   /usr/bin/perl
   This is perl 5, version 16, subversion 3 (v5.16.3) built for x86_64-linux-thread-multi

Found java:
   /sw/comp/java/x86_64/sun_jdk1.8.0_151/bin/java
   java version "1.8.0_151"

Found canu:
   /sw/bioinfo/canu/2.2/rackham/bin/canu
   canu snapshot v2.2 +0 changes (r10279 af9c6e709ff2d6473cf966702c420b9eb42d9078)

Running job 8 based on command line options.
Fetch blocks/000003.dat
Fetch blocks/000004.dat

Running block 000002 in query 000008

Running with these settings:
--filter-threshold = 1.0E-7
--help = false
--max-shift = 0.2
--min-olap-length = 500
--min-store-length = 0
--no-rc = false
--no-self = false
--no-tf = false
--num-hashes = 256
--num-min-matches = 3
--num-threads = 2
--ordered-kmer-size = 14
--ordered-sketch-size = 1000
--repeat-idf-scale = 10.0
--repeat-weight = 0.9
--settings = 0
--store-full-id = true
--supress-noise = 0
--threshold = 0.8
--version = false
-f = 
-h = false
-k = 16
-p = 
-q = queries/000008
-s = ./blocks/000002.dat

Processing files for storage in reverse index...
Current # sequences loaded and processed from file: 5000...
Current # sequences stored: 5000...
Stored 6538 sequences in the index.
Processed 6538 unique sequences (fwd and rev).
Time (s) to read and hash from file: 1.643641289
Time (s) to score and output to self: 1.872237527
Opened fasta file /domus/h1/magdap/genome_analyses/Genome-Analysis-lab/analyses/01_genome_assembly/correction/1-overlapper/blocks/000003.dat.
Processed 3179 to sequences.
Time (s) to score, hash to-file, and output: 1.4577374980000002
Opened fasta file /domus/h1/magdap/genome_analyses/Genome-Analysis-lab/analyses/01_genome_assembly/correction/1-overlapper/blocks/000004.dat.
Processed 3228 to sequences.
Time (s) to score, hash to-file, and output: 1.387131413
Total scoring time (s): 4.7299608630000005
Total time (s): 6.3737108010000005
MinHash search time (s): 1.4579167880000001
Total matches found: 41054
Average number of matches per lookup: 4.24286895411327
Average number of table elements processed per lookup: 151.46186440677965
Average number of table elements processed per match: 35.69798314415161
Average % of hashed sequences hit per lookup: 0.5363514802197501
Average % of hashed sequences hit that are matches: 12.099438558229322
Average % of hashed sequences fully compared that are matches: 90.04847447961221
