
Found perl:
   /usr/bin/perl
   This is perl 5, version 16, subversion 3 (v5.16.3) built for x86_64-linux-thread-multi

Found java:
   /sw/comp/java/x86_64/sun_jdk1.8.0_151/bin/java
   java version "1.8.0_151"

Found canu:
   /sw/bioinfo/canu/2.2/rackham/bin/canu
   canu snapshot v2.2 +0 changes (r10279 af9c6e709ff2d6473cf966702c420b9eb42d9078)

Running job 35 based on command line options.
Fetch blocks/000010.dat
Fetch blocks/000011.dat

Running block 000007 in query 000035

Running with these settings:
--filter-threshold = 1.0E-7
--help = false
--max-shift = 0.2
--min-olap-length = 500
--min-store-length = 0
--no-rc = false
--no-self = true
--no-tf = false
--num-hashes = 256
--num-min-matches = 3
--num-threads = 2
--ordered-kmer-size = 14
--ordered-sketch-size = 1000
--repeat-idf-scale = 10.0
--repeat-weight = 0.9
--settings = 0
--store-full-id = true
--supress-noise = 0
--threshold = 0.8
--version = false
-f = 
-h = false
-k = 16
-p = 
-q = queries/000035
-s = ./blocks/000007.dat

Processing files for storage in reverse index...
Current # sequences loaded and processed from file: 5000...
Current # sequences stored: 5000...
Stored 6266 sequences in the index.
Processed 6266 unique sequences (fwd and rev).
Time (s) to read and hash from file: 1.4974963410000002
Opened fasta file /domus/h1/magdap/genome_analyses/Genome-Analysis-lab/analyses/01_genome_assembly/correction/1-overlapper/blocks/000010.dat.
Processed 3259 to sequences.
Time (s) to score, hash to-file, and output: 2.239773699
Opened fasta file /domus/h1/magdap/genome_analyses/Genome-Analysis-lab/analyses/01_genome_assembly/correction/1-overlapper/blocks/000011.dat.
Processed 3201 to sequences.
Time (s) to score, hash to-file, and output: 0.946551192
Total scoring time (s): 3.1983499920000003
Total time (s): 4.695960889
MinHash search time (s): 0.402048192
Total matches found: 25022
Average number of matches per lookup: 3.873374613003096
Average number of table elements processed per lookup: 50.06826625386997
Average number of table elements processed per match: 12.926264886899528
Average % of hashed sequences hit per lookup: 0.45017387068053155
Average % of hashed sequences hit that are matches: 13.731526755678484
Average % of hashed sequences fully compared that are matches: 87.75338430244793
