merylInput-- segment 1/2 picked reads 1-114582 out of 215276

Found 1 command tree.

Counting 286 (estimated) million canonical 16-mers from 1 input file:
    canu-seqStore: ../../genome_assembly.seqStore


SIMPLE MODE
-----------

  16-mers
    -> 4294967296 entries for counts up to 65535.
    -> 64 Gbits memory used

  300001077 input bases
    -> expected max count of 1200004, needing 6 extra bits.
    -> 24 Gbits memory used

  11 GB memory needed


COMPLEX MODE
------------

prefix     # of   struct   kmers/    segs/      min     data    total
  bits   prefix   memory   prefix   prefix   memory   memory   memory
------  -------  -------  -------  -------  -------  -------  -------
     1     2  P  1115 kB    71 MM    69 kS  8192  B   554 MB   555 MB
     2     4  P  1085 kB    35 MM    33 kS    16 kB   536 MB   537 MB
     3     8  P  1063 kB    17 MM    16 kS    32 kB   519 MB   520 MB
     4    16  P  1052 kB  9155 kM  8013  S    64 kB   500 MB   501 MB
     5    32  P  1067 kB  4577 kM  3865  S   128 kB   483 MB   484 MB
     6    64  P  1132 kB  2288 kM  1861  S   256 kB   465 MB   466 MB
     7   128  P  1299 kB  1144 kM   895  S   512 kB   447 MB   448 MB
     8   256  P  1668 kB   572 kM   430  S  1024 kB   430 MB   431 MB
     9   512  P  2440 kB   286 kM   206  S  2048 kB   412 MB   414 MB
    10  1024  P  4024 kB   143 kM    99  S  4096 kB   396 MB   399 MB  Best Value!
    11  2048  P  7216 kB    71 kM    47  S  8192 kB   376 MB   383 MB
    12  4096  P    13 MB    35 kM    23  S    16 MB   368 MB   381 MB
    13  8192  P    25 MB    17 kM    11  S    32 MB   352 MB   377 MB
    14    16 kP    51 MB  9156  M     6  S    64 MB   384 MB   435 MB
    15    32 kP   101 MB  4578  M     3  S   128 MB   384 MB   485 MB
    16    64 kP   203 MB  2289  M     2  S   256 MB   512 MB   715 MB
    17   128 kP   405 MB  1145  M     1  S   512 MB   512 MB   917 MB
    18   256 kP   810 MB   573  M     1  S  1024 MB  1024 MB  1834 MB
    19   512 kP  1620 MB   287  M     1  S  2048 MB  2048 MB  3668 MB
    20  1024 kP  3240 MB   144  M     1  S  4096 MB  4096 MB  7336 MB
    21  2048 kP  6480 MB    72  M     1  S  8192 MB  8192 MB    14 GB


FINAL CONFIGURATION
-------------------

Estimated to require 792 MB memory out of 12 GB allowed.
Estimated to require 2 batches.

Configured complex mode for 0.774 GB memory per batch, and up to 2 batches.

Start counting with THREADED method.

Cleaning up.

Bye.
