merylInput-- segment 1/6 picked reads 1-39659 out of 215276

Found 1 command tree.

Counting 95 (estimated) million canonical 16-mers from 1 input file:
    canu-seqStore: ../../genome_assembly.seqStore


SIMPLE MODE
-----------

  16-mers
    -> 4294967296 entries for counts up to 65535.
    -> 64 Gbits memory used

  99991494 input bases
    -> expected max count of 399965, needing 4 extra bits.
    -> 16 Gbits memory used

  10 GB memory needed


COMPLEX MODE
------------

prefix     # of   struct   kmers/    segs/      min     data    total
  bits   prefix   memory   prefix   prefix   memory   memory   memory
------  -------  -------  -------  -------  -------  -------  -------
     1     2  P   375 kB    23 MM    23 kS  8192  B   184 MB   185 MB
     2     4  P   370 kB    11 MM    11 kS    16 kB   178 MB   179 MB
     3     8  P   371 kB  6102 kM  5536  S    32 kB   173 MB   173 MB
     4    16  P   384 kB  3051 kM  2671  S    64 kB   166 MB   167 MB
     5    32  P   423 kB  1525 kM  1289  S   128 kB   161 MB   161 MB
     6    64  P   512 kB   762 kM   620  S   256 kB   155 MB   155 MB
     7   128  P   703 kB   381 kM   299  S   512 kB   149 MB   150 MB
     8   256  P  1096 kB   190 kM   144  S  1024 kB   144 MB   145 MB
     9   512  P  1892 kB    95 kM    69  S  2048 kB   138 MB   139 MB
    10  1024  P  3496 kB    47 kM    33  S  4096 kB   132 MB   135 MB  Best Value!
    11  2048  P  6720 kB    23 kM    16  S  8192 kB   128 MB   134 MB
    12  4096  P    12 MB    11 kM     8  S    16 MB   128 MB   140 MB
    13  8192  P    25 MB  6103  M     4  S    32 MB   128 MB   153 MB
    14    16 kP    50 MB  3052  M     2  S    64 MB   128 MB   178 MB
    15    32 kP   101 MB  1526  M     1  S   128 MB   128 MB   229 MB
    16    64 kP   202 MB   763  M     1  S   256 MB   256 MB   458 MB
    17   128 kP   405 MB   382  M     1  S   512 MB   512 MB   917 MB
    18   256 kP   810 MB   191  M     1  S  1024 MB  1024 MB  1834 MB
    19   512 kP  1620 MB    96  M     1  S  2048 MB  2048 MB  3668 MB
    20  1024 kP  3240 MB    48  M     1  S  4096 MB  4096 MB  7336 MB


FINAL CONFIGURATION
-------------------

Estimated to require 267 MB memory out of 12 GB allowed.
Estimated to require 2 batches.

Configured complex mode for 0.261 GB memory per batch, and up to 2 batches.

Start counting with THREADED method.

Cleaning up.

Bye.
