
Found 1 command tree.

Counting 572 (estimated) million canonical 16-mers from 1 input file:
    canu-seqStore: ../../genome_assembly.seqStore


SIMPLE MODE
-----------

  16-mers
    -> 4294967296 entries for counts up to 65535.
    -> 64 Gbits memory used

  600018507 input bases
    -> expected max count of 2400074, needing 7 extra bits.
    -> 28 Gbits memory used

  11 GB memory needed


COMPLEX MODE
------------

prefix     # of   struct   kmers/    segs/      min     data    total
  bits   prefix   memory   prefix   prefix   memory   memory   memory
------  -------  -------  -------  -------  -------  -------  -------
     1     2  P  2223 kB   143 MM   138 kS  8192  B  1108 MB  1110 MB
     2     4  P  2159 kB    71 MM    67 kS    16 kB  1073 MB  1075 MB
     3     8  P  2101 kB    35 MM    32 kS    32 kB  1038 MB  1040 MB
     4    16  P  2053 kB    17 MM    15 kS    64 kB  1001 MB  1003 MB
     5    32  P  2033 kB  9155 kM  7730  S   128 kB   966 MB   968 MB
     6    64  P  2062 kB  4577 kM  3721  S   256 kB   930 MB   932 MB
     7   128  P  2194 kB  2288 kM  1790  S   512 kB   895 MB   897 MB
     8   256  P  2526 kB  1144 kM   859  S  1024 kB   859 MB   861 MB
     9   512  P  3264 kB   572 kM   412  S  2048 kB   824 MB   827 MB
    10  1024  P  4808 kB   286 kM   197  S  4096 kB   788 MB   792 MB  Best Value!
    11  2048  P  7968 kB   143 kM    94  S  8192 kB   752 MB   759 MB
    12  4096  P    14 MB    71 kM    45  S    16 MB   720 MB   734 MB
    13  8192  P    26 MB    35 kM    22  S    32 MB   704 MB   730 MB
    14    16 kP    51 MB    17 kM    11  S    64 MB   704 MB   755 MB
    15    32 kP   102 MB  9156  M     5  S   128 MB   640 MB   742 MB
    16    64 kP   203 MB  4578  M     3  S   256 MB   768 MB   971 MB
    17   128 kP   406 MB  2289  M     2  S   512 MB  1024 MB  1430 MB
    18   256 kP   810 MB  1145  M     1  S  1024 MB  1024 MB  1834 MB
    19   512 kP  1620 MB   573  M     1  S  2048 MB  2048 MB  3668 MB
    20  1024 kP  3240 MB   287  M     1  S  4096 MB  4096 MB  7336 MB
    21  2048 kP  6480 MB   144  M     1  S  8192 MB  8192 MB    14 GB
    22  4096 kP    12 GB    72  M     1  S    16 GB    16 GB    28 GB


FINAL CONFIGURATION
-------------------

Estimated to require 1582 MB memory out of 12 GB allowed.
Estimated to require 2 batches.

Configured complex mode for 1.545 GB memory per batch, and up to 2 batches.

Start counting with THREADED method.

Cleaning up.

Bye.
