repeatDetect()-- working on 3 tigs, with 2 threads.

----------------------------------------
Working on tig 1.
annotateRepeatsOnRead()-- tig      1 read #0       106596         0-22305     <-> place #  0 read      15 in tig      1 <-> overlap at         0-21426
annotateRepeatsOnRead()-- tig      1 read #0       106596         0-22305     <-> place #  1 read   31465 in tig      1 <-> overlap at         0-9055
annotateRepeatsOnRead()-- tig      1 read #0       106596         0-22305     <-> place #  2 read   51915 in tig      1 <-> overlap at         0-9239
annotateRepeatsOnRead()-- tig      1 read #0       106596         0-22305     <-> place #  3 read  130820 in tig      1 <-> overlap at         0-18324
annotateRepeatsOnRead()-- tig      1 read #0       106596         0-22305     <-> place #  4 read  177699 in tig      1 <-> overlap at         0-18311
annotateRepeatsOnRead()-- tig      1 read #0       106596         0-22305     <-> place #  5 read  191574 in tig      1 <-> overlap at         0-9055
annotateRepeatsOnRead()-- tig      1 read #0       106596         0-22305     <-> place #  6 read  194309 in tig      1 <-> overlap at         0-15229
annotateRepeatsOnRead()-- tig      1 read #0       106596         0-22305     <-> place #  7 read  206988 in tig      1 <-> overlap at         0-8236
annotateRepeatsOnRead()-- tig      1 read #0       106596         0-22305     <-> place #  8 read  209402 in tig      1 <-> overlap at         0-13440
annotateRepeatsOnRead()-- tig      1 read #1        77782      9675-505       <-> place #  0 read    5180 in tig      1 <-> overlap at      6262-16480
annotateRepeatsOnRead()-- tig      1 read #1        77782      9675-505       <-> place #  1 read   41057 in tig      1 <-> overlap at      1052-19959
annotateRepeatsOnRead()-- tig      1 read #1        77782      9675-505       <-> place #  2 read  170489 in tig      1 <-> overlap at      3201-16360
annotateRepeatsOnRead()-- tig      1 read #3        32719      1939-24706     <-> place #  0 read   41057 in tig      1 <-> overlap at      1052-19959
annotateRepeatsOnRead()-- tig      1 read #7        20325      2812-17767     <-> place #  0 read  105552 in tig      1 <-> overlap at      5764-18904
annotateRepeatsOnRead()-- tig      1 read #8        94802      4589-22290     <-> place #  0 read  170489 in tig      1 <-> overlap at      3201-16360
annotateRepeatsOnRead()-- tig      1 read #9        73282     19049-6500      <-> place #  0 read    5180 in tig      1 <-> overlap at      6262-16480
annotateRepeatsOnRead()-- tig      1 read #9        73282     19049-6500      <-> place #  1 read  105552 in tig      1 <-> overlap at      5764-18904
annotateRepeatsOnRead()-- tig      1 read #9        73282     19049-6500      <-> place #  2 read  198649 in tig      1 <-> overlap at      9511-19928
annotateRepeatsOnRead()-- tig      1 read #13        7285     21478-10427     <-> place #  0 read  198649 in tig      1 <-> overlap at      9511-19928
annotateRepeatsOnRead()-- tig      1 read #27       20060     29887-18963     <-> place #  0 read   28104 in tig      1 <-> overlap at     28936-29887
annotateRepeatsOnRead()-- tig      1 read #27       20060     29887-18963     <-> place #  1 read   73486 in tig      1 <-> overlap at     25579-29887
annotateRepeatsOnRead()-- tig      1 read #1733    184715   1087593-1067231   <-> place #  0 read  151144 in tig      1 <-> overlap at   1086974-1087593
annotateRepeatsOnRead()-- tig      1 read #1762    197264   1105111-1086774   <-> place #  0 read    1931 in tig      1 <-> overlap at   1086774-1087887
annotateRepeatsOnRead()-- tig      1 read #3055      1931   1808012-1818631   <-> place #  0 read  197264 in tig      1 <-> overlap at   1808012-1809105
annotateRepeatsOnRead()-- tig      1 read #4224    205731   2529696-2503458   <-> place #  0 read   74747 in tig      1 <-> overlap at   2503458-2507814
annotateRepeatsOnRead()-- tig      1 read #4227     77709   2505306-2508633   <-> place #  0 read    9828 in tig      1 <-> overlap at   2507198-2508633
annotateRepeatsOnRead()-- tig      1 read #4227     77709   2505306-2508633   <-> place #  1 read   31292 in tig      1 <-> overlap at   2507898-2508633
annotateRepeatsOnRead()-- tig      1 read #4227     77709   2505306-2508633   <-> place #  2 read   83250 in tig      1 <-> overlap at   2505858-2508633
annotateRepeatsOnRead()-- tig      1 read #4227     77709   2505306-2508633   <-> place #  3 read  128913 in tig      1 <-> overlap at   2507692-2508633
annotateRepeatsOnRead()-- tig      1 read #4282     51915   2557291-2544515   <-> place #  0 read   77782 in tig      1 <-> overlap at   2548571-2557756
annotateRepeatsOnRead()-- tig      1 read #4283     42934   2563277-2545513   <-> place #  0 read   20325 in tig      1 <-> overlap at   2550887-2565835
annotateRepeatsOnRead()-- tig      1 read #4285        15   2547080-2569458   <-> place #  0 read    9828 in tig      1 <-> overlap at   2550887-2569458
annotateRepeatsOnRead()-- tig      1 read #4285        15   2547080-2569458   <-> place #  1 read   24734 in tig      1 <-> overlap at   2557525-2569458
annotateRepeatsOnRead()-- tig      1 read #4285        15   2547080-2569458   <-> place #  2 read   31292 in tig      1 <-> overlap at   2556768-2569458
annotateRepeatsOnRead()-- tig      1 read #4285        15   2547080-2569458   <-> place #  3 read   32719 in tig      1 <-> overlap at   2550018-2569458
annotateRepeatsOnRead()-- tig      1 read #4285        15   2547080-2569458   <-> place #  4 read   53513 in tig      1 <-> overlap at   2556923-2569458
annotateRepeatsOnRead()-- tig      1 read #4285        15   2547080-2569458   <-> place #  5 read   75049 in tig      1 <-> overlap at   2559885-2569458
annotateRepeatsOnRead()-- tig      1 read #4285        15   2547080-2569458   <-> place #  6 read   94802 in tig      1 <-> overlap at   2552659-2569458
annotateRepeatsOnRead()-- tig      1 read #4285        15   2547080-2569458   <-> place #  7 read  127230 in tig      1 <-> overlap at   2550205-2569458
annotateRepeatsOnRead()-- tig      1 read #4285        15   2547080-2569458   <-> place #  8 read  146431 in tig      1 <-> overlap at   2549021-2569458
annotateRepeatsOnRead()-- tig      1 read #4285        15   2547080-2569458   <-> place #  9 read  212701 in tig      1 <-> overlap at   2550886-2569458
annotateRepeatsOnRead()-- tig      1 read #4290     41057   2549128-2568000   <-> place #  0 read   77782 in tig      1 <-> overlap at   2548571-2557756
annotateRepeatsOnRead()-- tig      1 read #4292    105552   2553840-2566944   <-> place #  0 read   20325 in tig      1 <-> overlap at   2550887-2565835
annotateRepeatsOnRead()-- tig      1 read #4292    105552   2553840-2566944   <-> place #  1 read   73282 in tig      1 <-> overlap at   2554573-2567112
annotateRepeatsOnRead()-- tig      1 read #4294    198649   2567958-2557586   <-> place #  0 read   73282 in tig      1 <-> overlap at   2554573-2567112
Annotated with 45 external overlaps.

Dropping repeat regions contained in a read:
  region         0-21426     inside read  106596         0-22305
  region     25579-29887     inside read  146431       941-31631
  region   1086774-1087887   inside read  161001   1067549-1091668
  region   1808012-1809105   inside read    1626   1790037-1813459
  region   2503458-2508633   inside read    3482   2485537-2510424
  region   2548571-2569458   inside read      15   2547080-2569458

Region summary:
  Unique interval        0-2569458 

----------------------------------------
Working on tig 2.
annotateRepeatsOnRead()-- tig      2 read #1        80226      4314-41447     <-> place #  0 read  215217 in tig      2 <-> overlap at     11984-13876
annotateRepeatsOnRead()-- tig      2 read #2         3153      7913-45304     <-> place #  0 read  215217 in tig      2 <-> overlap at     17180-19030
annotateRepeatsOnRead()-- tig      2 read #2         3153      7913-45304     <-> place #  1 read  215217 in tig      2 <-> overlap at     23695-25600
annotateRepeatsOnRead()-- tig      2 read #3       150590      8236-44345     <-> place #  0 read   58617 in tig      2 <-> overlap at     42529-44345
annotateRepeatsOnRead()-- tig      2 read #3       150590      8236-44345     <-> place #  1 read  215217 in tig      2 <-> overlap at     18421-20360
annotateRepeatsOnRead()-- tig      2 read #4        10063     10333-27124     <-> place #  0 read   30330 in tig      2 <-> overlap at     10333-10952
annotateRepeatsOnRead()-- tig      2 read #4        10063     10333-27124     <-> place #  1 read   92605 in tig      2 <-> overlap at     10333-10980
annotateRepeatsOnRead()-- tig      2 read #4        10063     10333-27124     <-> place #  2 read  105777 in tig      2 <-> overlap at     10333-10986
annotateRepeatsOnRead()-- tig      2 read #5       167514     10650-33939     <-> place #  0 read  167686 in tig      2 <-> overlap at     10333-13851
annotateRepeatsOnRead()-- tig      2 read #5       167514     10650-33939     <-> place #  1 read  215217 in tig      2 <-> overlap at     24574-26439
annotateRepeatsOnRead()-- tig      2 read #6        53816     11443-29650     <-> place #  0 read  215217 in tig      2 <-> overlap at     14972-16822
annotateRepeatsOnRead()-- tig      2 read #7        19840     11444-32084     <-> place #  0 read  215217 in tig      2 <-> overlap at     19022-20871
annotateRepeatsOnRead()-- tig      2 read #8        99346     11577-40064     <-> place #  0 read   30330 in tig      2 <-> overlap at     39176-40064
annotateRepeatsOnRead()-- tig      2 read #8        99346     11577-40064     <-> place #  1 read   66851 in tig      2 <-> overlap at     11577-13417
annotateRepeatsOnRead()-- tig      2 read #11       30330     12726-37412     <-> place #  0 read  164126 in tig      2 <-> overlap at     12726-14643
annotateRepeatsOnRead()-- tig      2 read #11       30330     12726-37412     <-> place #  1 read  215217 in tig      2 <-> overlap at     26988-28863
annotateRepeatsOnRead()-- tig      2 read #11       30330     12726-37412     <-> place #  2 read  215217 in tig      2 <-> overlap at     29264-31137
annotateRepeatsOnRead()-- tig      2 read #13      172151     14192-46679     <-> place #  0 read  215217 in tig      2 <-> overlap at     29761-31665
annotateRepeatsOnRead()-- tig      2 read #14      167686     14378-46793     <-> place #  0 read  111874 in tig      2 <-> overlap at     10333-13905
annotateRepeatsOnRead()-- tig      2 read #14      167686     14378-46793     <-> place #  1 read  215217 in tig      2 <-> overlap at     28622-30506
annotateRepeatsOnRead()-- tig      2 read #15      205612     14416-50894     <-> place #  0 read  105777 in tig      2 <-> overlap at     14416-15693
annotateRepeatsOnRead()-- tig      2 read #15      205612     14416-50894     <-> place #  1 read  215217 in tig      2 <-> overlap at     25856-27778
annotateRepeatsOnRead()-- tig      2 read #16      155009     14856-44367     <-> place #  0 read  167514 in tig      2 <-> overlap at     43617-44367
annotateRepeatsOnRead()-- tig      2 read #16      155009     14856-44367     <-> place #  1 read  215217 in tig      2 <-> overlap at     33213-35155
annotateRepeatsOnRead()-- tig      2 read #17      111874     14932-50983     <-> place #  0 read   58617 in tig      2 <-> overlap at     49329-50983
annotateRepeatsOnRead()-- tig      2 read #17      111874     14932-50983     <-> place #  1 read   99346 in tig      2 <-> overlap at     50323-50983
annotateRepeatsOnRead()-- tig      2 read #19       18388     17992-42122     <-> place #  0 read  215217 in tig      2 <-> overlap at     31781-33659
annotateRepeatsOnRead()-- tig      2 read #20      105777     18222-46196     <-> place #  0 read   99346 in tig      2 <-> overlap at     45574-46196
annotateRepeatsOnRead()-- tig      2 read #20      105777     18222-46196     <-> place #  1 read  164126 in tig      2 <-> overlap at     45573-46196
annotateRepeatsOnRead()-- tig      2 read #20      105777     18222-46196     <-> place #  2 read  215217 in tig      2 <-> overlap at     32525-34405
annotateRepeatsOnRead()-- tig      2 read #21      144175     18630-55432     <-> place #  0 read  215217 in tig      2 <-> overlap at     30431-32353
annotateRepeatsOnRead()-- tig      2 read #23      164126     23120-37981     <-> place #  0 read  215217 in tig      2 <-> overlap at     31246-33099
annotateRepeatsOnRead()-- tig      2 read #24       92605     24835-57574     <-> place #  0 read  215217 in tig      2 <-> overlap at     35096-36972
annotateRepeatsOnRead()-- tig      2 read #25      178145     35875-53248     <-> place #  0 read   87845 in tig      2 <-> overlap at     51385-53248
annotateRepeatsOnRead()-- tig      2 read #25      178145     35875-53248     <-> place #  1 read  105777 in tig      2 <-> overlap at     51666-53248
annotateRepeatsOnRead()-- tig      2 read #25      178145     35875-53248     <-> place #  2 read  150590 in tig      2 <-> overlap at     51527-53248
annotateRepeatsOnRead()-- tig      2 read #25      178145     35875-53248     <-> place #  3 read  167514 in tig      2 <-> overlap at     51936-53248
annotateRepeatsOnRead()-- tig      2 read #25      178145     35875-53248     <-> place #  4 read  215217 in tig      2 <-> overlap at     41438-43277
Annotated with 38 external overlaps.

Dropping repeat regions contained in a read:
  region     10333-16822     inside read   81921         0-36583
  region     17180-20871     inside read   81921         0-36583
  region     23695-36972     inside read   80226      4314-41447
  region     39176-40064     inside read   80226      4314-41447
  region     41438-44367     inside read    3153      7913-45304
  region     45573-46196     inside read  167686     14378-46793
  region     49329-50983     inside read  189630     15960-52099
  region     51385-53248     inside read  144175     18630-55432

Region summary:
  Unique interval        0-57574   
