
==> PARAMETERS.

Resources:
  Memory                16 GB
  Compute Threads       2

Lengths:
  Minimum read          0 bases
  Maximum read          4294967295 bases
  Minimum overlap       500 bases

Overlap Error Rates:
  Graph                 0.045 (4.500%)
  Max                   0.045 (4.500%)
  Forced                -.--- (-.---%)   (not used)

Deviations:
  Graph                 12.000
  Bubble                1.000
  Repeat                1.000

Similarity Thresholds:
  Graph                 0.000
  Bubble                0.010
  Repeat                0.010

Edge Confusion:
  Absolute              2500
  Percent               15.0000

Unitig Construction:
  Minimum intersection  500 bases
  Maxiumum placements   2 positions

Debugging Enabled:
  (none)

==> LOADING AND FILTERING OVERLAPS.

ReadInfo()-- Found        4362 reads.

OverlapCache()-- limited to 16384MB memory (user supplied).

OverlapCache()--       1MB for read data.
OverlapCache()--       6MB for best edges.
OverlapCache()--      21MB for tigs.
OverlapCache()--       5MB for tigs - read layouts.
OverlapCache()--       8MB for tigs - error profiles.
OverlapCache()--    4096MB for tigs - error profile overlaps.
OverlapCache()--       0MB for other processes.
OverlapCache()-- ---------
OverlapCache()--    4143MB for data structures (sum of above).
OverlapCache()-- ---------
OverlapCache()--       4MB for overlap store structure.
OverlapCache()--   12236MB for overlap data.
OverlapCache()-- ---------
OverlapCache()--   16384MB allowed.
OverlapCache()--
OverlapCache()-- Retain at least 45 overlaps/read, based on 22.78x coverage.
OverlapCache()-- Initial guess at 3725 overlaps/read.
OverlapCache()--
OverlapCache()-- Adjusting for sparse overlaps.
OverlapCache()--
OverlapCache()--               reads loading olaps          olaps               memory
OverlapCache()--   olaps/read       all      some          loaded                 free
OverlapCache()--   ----------   -------   -------     ----------- -------     --------
OverlapCache()--         3725    215276         0          224886 100.00%      12232 MB
OverlapCache()--
OverlapCache()-- Loading overlaps.
OverlapCache()--
OverlapCache()--          read from store           saved in cache
OverlapCache()--   ------------ ---------   ------------ ---------
OverlapCache()--         104289 (046.37%)         103805 (046.16%)
OverlapCache()--         208743 (092.82%)         207893 (092.44%)
OverlapCache()--   ------------ ---------   ------------ ---------
OverlapCache()--         224886 (100.00%)         223948 (099.58%)
OverlapCache()--
OverlapCache()-- Ignored 938 duplicate overlaps.
OverlapCache()--
OverlapCache()-- Symmetrizing overlaps.
OverlapCache()--   Finding missing twins.
OverlapCache()--   In 223948 overlaps:
OverlapCache()--     Found 1939 overlaps with non-symmetric error rates.
OverlapCache()--     Found 2 overlaps with missing twins.
OverlapCache()--     Dropped 0 weak missing-twin overlaps.
OverlapCache()--   Shifting overlaps.
OverlapCache()--   Adding missing twins.
OverlapCache()--   Sorting overlaps.
OverlapCache()--   Checking overlap symmetry.
OverlapCache()--   Finished.

BestOverlapGraph()-- Computing Best Overlap Graph.
BestOverlapGraph()-- Allocating best edges (6MB).
BestOverlapGraph()-- Filtering high error edges.
BestOverlapGraph()--   Ignore overlaps with more than 0.920769% error.
BestOverlapGraph()-- Filtering reads with a gap in overlap coverage.
BestOverlapGraph()--   14 reads removed.
BestOverlapGraph()-- Filtering reads with lopsided best edges (more than 25.00% different).
BestOverlapGraph()--   2 reads have lopsided edges.
BestOverlapGraph()-- Filtering spur reads.
BestOverlapGraph()--   Initial             24 terminal  spur reads -       26/26       5'/3' spur path reads.
BestOverlapGraph()--   Iteration 1 -       24 terminal  spur reads -       26/26       5'/3' spur path reads -        3/3        edges changed to avoid spur path.
BestOverlapGraph()--   Iteration 2 -       24 terminal  spur reads -       25/25       5'/3' spur path reads -        1/2        edges changed to avoid spur path.
BestOverlapGraph()--   Iteration 3 -       24 terminal  spur reads -       25/25       5'/3' spur path reads -        0/0        edges changed to avoid spur path.
BestOverlapGraph()--   Final               28 confirmed spur reads -       25/25       5'/3' spur path reads.

==> BUILDING GREEDY TIGS.

breakSingletonTigs()-- Removed 0 singleton tigs; reads are now unplaced.
optimizePositions()-- Optimizing read positions for 215277 reads in 3 tigs, with 2 threads.
optimizePositions()--   Allocating scratch space for 215277 reads (6727 KB).
optimizePositions()--   Initializing positions with 2 threads.
optimizePositions()--   Recomputing positions, iteration 1, with 2 threads.
optimizePositions()--     Reset zero.
optimizePositions()--     Checking convergence.
optimizePositions()--     converged:   4338 reads
optimizePositions()--     changed:   210939 reads
optimizePositions()--   Recomputing positions, iteration 2, with 2 threads.
optimizePositions()--     Reset zero.
optimizePositions()--     Checking convergence.
optimizePositions()--     converged:   4353 reads
optimizePositions()--     changed:   210924 reads
optimizePositions()--   Recomputing positions, iteration 3, with 2 threads.
optimizePositions()--     Reset zero.
optimizePositions()--     Checking convergence.
optimizePositions()--     converged:   4354 reads
optimizePositions()--     changed:   210923 reads
optimizePositions()--   Recomputing positions, iteration 4, with 2 threads.
optimizePositions()--     Reset zero.
optimizePositions()--     Checking convergence.
optimizePositions()--     converged:   4354 reads
optimizePositions()--     changed:   210923 reads
optimizePositions()--   Recomputing positions, iteration 5, with 2 threads.
optimizePositions()--     Reset zero.
optimizePositions()--     Checking convergence.
optimizePositions()--     converged:   4354 reads
optimizePositions()--     changed:   210923 reads
optimizePositions()--   Expanding short reads with 2 threads.
optimizePositions()--   Updating positions.
optimizePositions()--   Finished.
splitDiscontinuous()-- Tested 2 tigs, split none.
detectSpur() done.
tested            1
nEdges      5'    1   3'    1
nPotential        1         1
nVerified         0         0

==> PLACE CONTAINED READS.

computeErrorProfiles()-- Computing error profiles for 3 tigs, with 2 threads.
computeErrorProfiles()-- Finished.

placeContains()-- placing 3616 contained and 210952 unplaced reads, with 2 threads.
placeContains()-- Placed 3613 contained reads and 0 unplaced reads.
placeContains()-- Failed to place 3 contained reads (too high error suspected) and 210952 unplaced reads (lack of overlaps suspected).
optimizePositions()-- Optimizing read positions for 215277 reads in 3 tigs, with 2 threads.
optimizePositions()--   Allocating scratch space for 215277 reads (6727 KB).
optimizePositions()--   Initializing positions with 2 threads.
optimizePositions()--   Recomputing positions, iteration 1, with 2 threads.
optimizePositions()--     Reset zero.
optimizePositions()--     Checking convergence.
optimizePositions()--     converged:   3859 reads
optimizePositions()--     changed:   211418 reads
optimizePositions()--   Recomputing positions, iteration 2, with 2 threads.
optimizePositions()--     Reset zero.
optimizePositions()--     Checking convergence.
optimizePositions()--     converged:   4323 reads
optimizePositions()--     changed:   210954 reads
optimizePositions()--   Recomputing positions, iteration 3, with 2 threads.
optimizePositions()--     Reset zero.
optimizePositions()--     Checking convergence.
optimizePositions()--     converged:   4348 reads
optimizePositions()--     changed:   210929 reads
optimizePositions()--   Recomputing positions, iteration 4, with 2 threads.
optimizePositions()--     Reset zero.
optimizePositions()--     Checking convergence.
optimizePositions()--     converged:   4350 reads
optimizePositions()--     changed:   210927 reads
optimizePositions()--   Recomputing positions, iteration 5, with 2 threads.
optimizePositions()--     Reset zero.
optimizePositions()--     Checking convergence.
optimizePositions()--     converged:   4353 reads
optimizePositions()--     changed:   210924 reads
optimizePositions()--   Expanding short reads with 2 threads.
optimizePositions()--   Updating positions.
optimizePositions()--   Finished.
splitDiscontinuous()-- Tested 2 tigs, split none.

==> MERGE ORPHANS.

computeErrorProfiles()-- Computing error profiles for 3 tigs, with 2 threads.
computeErrorProfiles()-- Finished.

findPotentialOrphans()-- working on 3 tigs.
findPotentialOrphans()-- found 0 potential orphans.
mergeOrphans()-- flagged       0        bubble tigs with 0 reads
mergeOrphans()-- placed        0 unique orphan tigs with 0 reads
mergeOrphans()-- shattered     0 repeat orphan tigs with 0 reads
mergeOrphans()-- ignored       0               tigs with 0 reads; failed to place
mergeOrphans()--

==> MARK SIMPLE BUBBLES.
    using 0.010000 user-specified threshold


findPotentialOrphans()-- working on 3 tigs.
findPotentialOrphans()-- found 0 potential orphans.
mergeOrphans()-- flagged       0        bubble tigs with 0 reads
mergeOrphans()-- placed        0 unique orphan tigs with 0 reads
mergeOrphans()-- shattered     0 repeat orphan tigs with 0 reads
mergeOrphans()-- ignored       0               tigs with 0 reads; failed to place
mergeOrphans()--
classifyAsUnassembled()--      0 tigs           0 bases -- singleton
classifyAsUnassembled()--      0 tigs           0 bases -- too few reads        (< 2 reads)
classifyAsUnassembled()--      0 tigs           0 bases -- too short            (< 0 bp)
classifyAsUnassembled()--      0 tigs           0 bases -- single spanning read (> 1.000000 tig length)
classifyAsUnassembled()--      0 tigs           0 bases -- low coverage         (> 0.500000 tig length at < 3 coverage)
classifyAsUnassembled()--      2 tigs     2627032 bases -- acceptable contigs


==> GENERATING ASSEMBLY GRAPH.

computeErrorProfiles()-- Computing error profiles for 3 tigs, with 2 threads.
computeErrorProfiles()-- Finished.

AssemblyGraph()-- allocating vectors for placements, 9.855MB
AssemblyGraph()-- finding edges for 4321 reads (3613 contained), ignoring 210955 unplaced reads, with 2 threads.
AssemblyGraph()-- building reverse edges.
AssemblyGraph()-- build complete.

==> BREAK REPEATS.

computeErrorProfiles()-- Computing error profiles for 3 tigs, with 2 threads.
computeErrorProfiles()-- Finished.

==> CLEANUP MISTAKES.

splitDiscontinuous()-- Tested 2 tigs, split none.
promoteToSingleton()-- Moved 41 unplaced reads to singleton tigs.
splitDiscontinuous()-- Tested 2 tigs, split none.
promoteToSingleton()-- Moved 0 unplaced reads to singleton tigs.

==> CLEANUP GRAPH.


==> GENERATE OUTPUTS.


Bye.
