15	22356	unique
16	5540	span-repeat
114	12179	unique
161	14325	unique
198	15820	unique
306	10825	unique
468	12915	unique
484	10412	unique
537	11654	unique
560	22274	unique
642	21432	unique
651	10254	span-repeat
697	13092	unique
715	12446	unique
740	15177	unique
760	1434	unique
887	10976	unique
1010	11871	unique
1316	5970	unique
1416	20685	unique
1422	23104	unique
1445	16341	span-repeat
1534	27046	span-repeat
1553	10607	unique
1564	26916	unique
1615	21297	unique
1626	23376	unique
1652	13895	unique
1807	23299	unique
1831	20865	unique
1894	23247	unique
1895	8485	uniq-repeat-cont
1931	10608	unique
1955	23675	unique
1956	12607	span-repeat
1970	13277	span-repeat
1976	19234	unique
2011	12944	unique
2152	10029	unique
2155	11560	unique
2162	14862	unique
2187	22580	unique
2265	8067	unique
2312	17991	unique
2340	12859	unique
2371	23112	unique
2401	15727	unique
2428	18302	uniq-repeat-cont
2431	11932	unique
2479	25626	unique
2504	14310	unique
2535	16376	unique
2551	17506	unique
2564	22065	unique
2642	15380	unique
2970	28414	span-repeat
2981	14170	unique
3060	18355	unique
3108	9595	unique
3153	37269	span-repeat
3275	18234	unique
3423	10684	unique
3482	24796	unique
3510	12395	unique
3540	17233	unique
3542	19569	unique
3561	10184	unique
3572	20402	unique
3789	13635	unique
4047	10369	unique
4086	17220	span-repeat
4100	24515	unique
4102	8330	unique
4132	12659	unique
4156	14409	unique
4211	22579	unique
4312	16460	span-repeat
4363	12830	unique
4371	16649	unique
4436	18955	unique
4762	10267	unique
4854	29170	unique
4879	10611	unique
4882	24977	span-repeat
4889	17896	unique
4967	14585	unique
4980	17907	uniq-repeat-cont
5120	23447	unique
5132	9921	unique
5137	20220	unique
5151	21318	span-repeat
5180	10179	unique
5339	17109	unique
5413	19673	unique
5426	17474	unique
5517	6938	unique
5553	15639	unique
5578	17762	unique
5612	9373	span-repeat
5613	19899	unique
5684	9967	unique
5690	20488	unique
5708	14545	unique
5732	22378	uniq-repeat-dove
5796	25058	unique
5866	11499	unique
5903	25188	unique
5907	9419	unique
5912	11834	unique
5989	18225	uniq-repeat-cont
6053	19175	unique
6169	7485	unique
6196	29103	unique
6207	14776	unique
6249	10332	unique
6422	13175	unique
6436	20180	unique
6446	1778	unique
6465	10760	unique
6492	12917	unique
6547	19645	unique
6630	18262	unique
6642	12479	unique
6667	17210	unique
6723	15422	unique
6770	17164	unique
6790	17147	unique
6815	10208	span-repeat
6920	20216	span-repeat
7034	22562	unique
7071	17721	unique
7076	11089	unique
7139	18181	unique
7188	19137	unique
7285	11018	unique
7291	17339	unique
7340	12336	unique
7397	24214	unique
7408	9036	unique
7478	6857	unique
7498	13574	unique
7550	19030	unique
7595	17343	unique
7622	12178	unique
7686	14629	unique
7699	11292	unique
7762	13182	span-repeat
7810	31606	span-repeat
7846	8763	unique
7929	9938	unique
7967	12989	unique
7991	12318	unique
8035	15896	span-repeat
8042	19748	unique
8069	33347	unique
8109	9908	unique
8201	13056	unique
8299	19768	unique
8367	12249	unique
8422	10675	unique
8502	22857	span-repeat
8510	12494	unique
8512	18126	span-repeat
8652	20129	unique
8665	11869	uniq-repeat-cont
8673	11482	unique
8678	13305	span-repeat
8694	17173	unique
8695	7775	unique
8710	17681	unique
8719	20865	unique
8787	16029	unique
8804	11504	unique
8883	23206	span-repeat
8900	21621	unique
8916	30499	unique
8924	8982	unique
9005	21147	span-repeat
9042	11305	unique
9047	8233	unique
9101	10968	unique
9200	1611	unique
9227	10702	unique
9292	30304	unique
9338	15038	span-repeat
9372	24077	unique
9378	11153	unique
9399	7830	unique
9422	12424	unique
9425	21367	unique
9478	17023	unique
9627	9756	unique
9636	11425	unique
9672	14234	span-repeat
9676	22118	unique
9681	15121	unique
9800	10416	unique
9828	23756	unique
9874	16033	unique
9926	11356	unique
9974	21389	span-repeat
10038	13683	span-repeat
10063	16731	uniq-repeat-cont
10067	12268	unique
10098	14592	unique
10105	23007	unique
10182	18359	unique
10304	20797	unique
10563	20029	unique
10595	23599	unique
10656	16920	unique
10661	11681	unique
10707	19347	unique
10741	16098	unique
10752	18649	unique
10760	32106	unique
10805	10941	unique
10835	17707	unique
10837	18287	unique
10950	11994	unique
10957	25678	span-repeat
10963	13018	unique
10977	25093	span-repeat
10997	11515	unique
11336	21364	span-repeat
11359	13569	unique
11496	16297	unique
11568	16486	unique
11614	20862	unique
11773	13340	unique
11933	11831	unique
11945	11256	unique
11979	26649	unique
12028	22875	unique
12045	19550	unique
12056	16891	unique
12085	27481	unique
12168	19695	unique
12269	20850	unique
12391	13424	unique
12494	10593	unique
12537	24824	span-repeat
12561	11497	uniq-repeat-cont
12563	13980	unique
12628	24592	span-repeat
12646	13595	unique
12705	13834	unique
12748	15341	unique
12781	23051	span-repeat
12912	13798	uniq-repeat-cont
12964	13414	unique
13078	12304	unique
13211	11566	unique
13222	15136	span-repeat
13270	9346	unique
13301	14306	uniq-repeat-cont
13305	20880	span-repeat
13322	24229	span-repeat
13417	13278	uniq-repeat-cont
13430	9479	unique
13442	16172	unique
13454	15244	unique
13490	11184	unique
13532	20003	unique
13543	18720	unique
13589	15014	unique
13635	19717	unique
13638	17063	unique
13680	8894	unique
13740	15362	span-repeat
13894	11922	unique
13979	18634	span-repeat
13981	20985	unique
13993	22106	uniq-repeat-cont
14025	20693	unique
14026	12142	unique
14068	11041	uniq-repeat-cont
14095	12015	unique
14172	16304	unique
14213	12372	unique
14243	3975	unique
14320	10211	unique
14341	12365	unique
14417	10619	unique
14498	11684	unique
14517	16600	unique
14616	20078	unique
14667	13974	unique
14758	14159	unique
14769	5945	unique
14784	23062	span-repeat
14790	24143	unique
14794	24875	span-repeat
14802	13177	unique
14883	17843	unique
14992	15061	unique
15086	15846	span-repeat
15169	22254	unique
15171	19528	unique
15244	8421	unique
15339	17421	unique
15407	2138	unique
15468	11027	unique
15479	11965	unique
15489	8384	unique
15494	19912	unique
15506	11239	span-repeat
15641	23442	unique
15653	11218	unique
15674	15812	unique
15692	16051	span-repeat
15752	23061	unique
15880	15822	unique
15970	12441	unique
16159	13364	unique
16204	15745	span-repeat
16230	10733	unique
16314	13839	unique
16398	14516	unique
16407	19354	unique
16427	29151	unique
16440	11592	unique
16450	10826	unique
16487	9890	span-repeat
16575	19055	span-repeat
16588	19422	unique
16598	13393	span-repeat
16606	25186	uniq-repeat-cont
16698	21097	unique
16735	17164	unique
16758	12781	unique
16835	19702	unique
16837	15751	unique
16882	11947	uniq-repeat-cont
16926	19489	unique
16937	19298	span-repeat
16984	9407	unique
16995	10609	unique
17010	9547	uniq-repeat-cont
17106	11887	unique
17130	9217	unique
17164	23322	unique
17187	35671	unique
17196	13892	unique
17241	20474	unique
17275	10292	unique
17314	18698	span-repeat
17408	16158	unique
17425	24834	unique
17468	10723	unique
17503	10460	unique
17631	9239	unique
17707	18958	unique
17830	18024	span-repeat
17857	11018	span-repeat
17891	25240	unique
17959	15539	span-repeat
17972	11800	span-repeat
18026	10384	unique
18046	17779	unique
18061	10187	unique
18079	14702	span-repeat
18168	16730	unique
18205	10280	unique
18207	10299	unique
18259	16906	span-repeat
18321	15376	span-repeat
18388	24034	uniq-repeat-cont
18496	14771	span-repeat
18615	13298	unique
18692	16244	unique
18706	10790	uniq-repeat-cont
18726	10984	unique
18844	16243	unique
18875	28628	unique
18886	22344	unique
18887	17935	unique
18932	12926	unique
18960	18720	unique
18964	20931	unique
18994	19922	span-repeat
19021	19904	uniq-repeat-dove
19130	19498	span-repeat
19162	16123	span-repeat
19195	15346	unique
19394	11010	unique
19395	15231	unique
19411	14406	span-repeat
19518	12103	unique
19603	5540	unique
19648	19905	span-repeat
19667	20338	unique
19686	14112	unique
19692	11409	span-repeat
19751	9783	unique
19752	14401	unique
19755	20752	unique
19759	14115	unique
19832	9394	unique
19840	20573	uniq-repeat-cont
19876	11180	unique
19880	12512	unique
19885	16068	unique
19927	19775	uniq-repeat-cont
19980	10236	unique
20030	9322	contained-repeat
20057	19023	unique
20060	10883	unique
20087	25839	unique
20144	17356	unique
20234	19443	span-repeat
20259	19329	unique
20262	25403	unique
20282	12234	unique
20321	14635	unique
20325	14937	unique
20330	18109	unique
20499	16960	unique
20539	10391	unique
20596	15730	unique
20635	35826	middle-missing
20842	9917	uniq-repeat-cont
20859	11038	unique
20895	8655	unique
20908	15976	unique
20939	24823	unique
21075	9469	unique
21165	14080	unique
21185	22134	unique
21252	14855	unique
21378	14286	uniq-repeat-cont
21395	19150	unique
21451	7926	unique
21452	15645	unique
21514	14163	unique
21580	22825	unique
21603	11690	unique
21605	21289	unique
21672	16702	unique
21722	13961	unique
21767	10701	unique
21786	12798	unique
21796	11793	unique
21860	14949	unique
21916	14565	unique
21921	11206	unique
21984	5671	unique
22020	18234	unique
22090	9697	unique
22126	5197	unique
22136	13775	unique
22179	20189	unique
22213	14654	unique
22389	11026	unique
22393	14018	span-repeat
22417	20623	unique
22543	19401	unique
22544	18998	unique
22558	11157	unique
22685	22451	unique
22781	15060	unique
22810	25218	span-repeat
22861	14048	unique
22913	17119	unique
22941	18220	unique
22949	13424	span-repeat
22952	21408	unique
22953	20678	unique
23004	13045	unique
23080	21357	unique
23201	22721	span-repeat
23230	14413	span-repeat
23269	19885	unique
23305	20767	uniq-repeat-dove
23455	16105	span-repeat
23653	21873	uniq-repeat-dove
23718	15242	unique
23792	17567	unique
23846	11183	unique
23876	10522	unique
23982	15025	unique
24064	11874	unique
24096	23311	span-repeat
24123	28190	unique
24145	16555	unique
24149	10234	unique
24202	21032	unique
24274	14354	unique
24276	11756	span-repeat
24293	7479	unique
24302	15225	span-repeat
24352	14360	span-repeat
24378	13172	unique
24451	17623	unique
24465	10609	unique
24578	11221	uniq-repeat-cont
24626	21682	unique
24734	21305	unique
24739	20061	span-repeat
24777	19937	unique
24812	16507	unique
24928	10760	unique
24936	9586	unique
24956	14390	unique
24989	12466	unique
24991	16428	unique
25071	25012	unique
25079	7155	unique
25263	23743	unique
25303	9316	unique
25360	16144	unique
25379	8896	unique
25413	16609	unique
25459	28613	unique
25471	22991	unique
25661	20604	unique
25803	14375	unique
25804	28124	unique
25825	13385	unique
25871	14708	unique
25895	1574	unique
26042	10748	unique
26144	12331	unique
26187	17675	span-repeat
26308	9618	uniq-repeat-cont
26326	12856	span-repeat
26448	17929	unique
26470	25215	unique
26536	11585	unique
26540	11692	uniq-repeat-cont
26592	12834	unique
26658	14883	unique
26675	12726	unique
26741	19173	unique
26745	9521	unique
26946	19803	unique
26968	7902	unique
26988	13236	span-repeat
27089	20389	span-repeat
27101	17158	unique
27155	4077	unique
27165	13129	unique
27167	25141	unique
27246	19469	unique
27288	20875	unique
27379	14822	unique
27849	19363	unique
27868	22352	unique
27939	7543	unique
27941	23216	unique
27974	13257	span-repeat
27979	13335	unique
27985	11264	unique
28043	6934	unique
28052	12710	unique
28061	9685	unique
28062	16831	unique
28104	10437	unique
28189	18232	span-repeat
28227	13349	unique
28303	23630	unique
28357	8440	unique
28362	24547	unique
28491	9127	unique
28514	12936	span-repeat
28528	9952	unique
28631	25444	unique
28660	8686	unique
28670	25625	unique
28720	5283	unique
28775	21711	unique
28783	17879	unique
28837	28873	unique
28895	19224	unique
28990	15550	unique
29062	6510	unique
29118	22065	uniq-anchor
29148	22077	unique
29206	13188	unique
29295	20346	span-repeat
29324	17289	unique
29413	14598	unique
29446	12558	unique
29466	19028	unique
29502	22096	span-repeat
29506	3513	unique
29598	20675	unique
29604	19863	unique
29646	10135	uniq-repeat-cont
29721	11335	uniq-repeat-cont
29780	10274	unique
29860	12078	unique
30025	22347	uniq-repeat-dove
30091	12035	unique
30135	20502	unique
30228	19811	unique
30258	14398	unique
30317	17427	span-repeat
30330	24594	uniq-repeat-cont
30388	11418	unique
30445	20756	span-repeat
30464	12996	uniq-repeat-cont
30477	10408	unique
30484	10790	span-repeat
30509	18033	unique
30560	22571	unique
30563	21520	unique
30575	11929	span-repeat
30582	17690	span-repeat
30646	18835	span-repeat
30652	8696	unique
30679	28584	unique
30683	9118	unique
30692	14739	unique
30734	18388	unique
30781	8993	unique
30857	11131	unique
30893	11965	unique
31003	24548	unique
31005	10183	unique
31070	19242	unique
31202	12295	unique
31241	10871	span-repeat
31292	17195	unique
31359	18029	unique
31404	16152	unique
31434	11565	unique
31448	16747	unique
31455	13294	unique
31465	28132	unique
31585	14156	unique
31735	17059	unique
31773	21675	unique
31844	16424	unique
31893	11765	unique
32049	18889	span-repeat
32194	7069	unique
32231	21624	unique
32248	12478	unique
32289	18452	unique
32343	13336	unique
32426	14758	unique
32434	22783	unique
32447	19708	unique
32493	23350	unique
32573	11306	unique
32617	12784	unique
32638	17908	unique
32684	18330	unique
32719	22720	unique
32925	8489	unique
32929	1242	unique
32942	22391	uniq-repeat-cont
32962	12785	unique
33121	18090	unique
33123	10725	unique
33134	16483	unique
33155	17055	span-repeat
33170	20963	unique
33280	4357	unique
33319	20626	unique
33337	16497	span-repeat
33365	16421	unique
33398	9849	unique
33463	19938	unique
33536	19817	uniq-repeat-cont
33591	16933	unique
33596	13372	unique
33603	26748	span-repeat
33865	18582	unique
33988	14675	unique
34023	12629	unique
34048	13501	unique
34101	13103	unique
34125	10854	unique
34208	13317	unique
34213	23335	span-repeat
34260	11954	unique
34373	18751	unique
34413	7798	unique
34432	15649	unique
34456	27801	unique
34485	13581	unique
34560	11579	unique
34562	8860	unique
34568	22459	unique
34601	16640	unique
34609	22920	unique
34612	1520	unique
34628	11655	unique
34643	20805	unique
34650	12732	unique
34672	10627	unique
34699	19054	unique
34704	11563	unique
34791	19720	unique
34850	10626	unique
34919	10894	unique
34984	14532	unique
35013	14228	unique
35031	8097	unique
35095	23997	unique
35114	8975	unique
35246	19464	unique
35346	14127	unique
35349	19592	uniq-repeat-dove
35373	4466	unique
35457	21923	unique
35645	23343	unique
35682	5756	unique
35779	18619	unique
35807	11889	unique
35834	13350	unique
35877	21155	unique
35910	16799	unique
35953	14443	span-repeat
36161	11006	unique
36175	18824	unique
36211	15599	uniq-repeat-cont
36234	12789	unique
36289	19946	unique
36300	17278	unique
36322	24779	span-repeat
36376	15072	unique
36441	19083	unique
36444	7780	unique
36452	9802	unique
36460	13181	uniq-repeat-cont
36484	15635	span-repeat
36486	13052	span-repeat
36570	23288	unique
36592	9102	unique
36660	17083	unique
36769	15361	span-repeat
36773	10502	unique
36824	21533	span-repeat
36875	19611	unique
36913	24477	unique
36935	17568	unique
36953	8804	unique
37005	28011	unique
37158	12519	unique
37217	23235	unique
37264	15616	span-repeat
37322	13191	unique
37550	7814	unique
37574	10737	unique
37627	9870	unique
37661	23391	unique
37782	19403	unique
37861	15177	unique
37878	15007	span-repeat
37919	10639	unique
37941	9501	unique
37949	20343	unique
37958	18193	unique
37960	16222	unique
37997	24092	unique
38101	8439	unique
38205	23110	unique
38209	17093	unique
38220	17871	unique
38279	16967	unique
38304	12831	unique
38403	13194	unique
38571	29246	unique
38817	12499	unique
38902	7426	unique
38922	16035	unique
39104	19722	unique
39110	21219	unique
39135	17815	unique
39195	1210	unique
39217	14557	unique
39273	18248	span-repeat
39346	4526	uniq-repeat-cont
39352	12870	unique
39406	16934	span-repeat
39595	17818	unique
39641	17005	uniq-repeat-cont
39688	13171	unique
39717	14132	unique
39727	19226	unique
39787	14362	unique
39822	11756	unique
39918	9929	unique
40080	20489	unique
40099	15499	span-repeat
40104	2892	unique
40120	22756	unique
40220	8823	unique
40301	21019	unique
40314	7860	unique
40341	13303	unique
40391	20000	unique
40412	19684	unique
40585	15210	unique
40714	18279	span-repeat
40741	23332	span-repeat
40760	13555	unique
40816	13733	unique
40866	14419	unique
40905	9824	unique
40961	19416	unique
41052	15314	unique
41057	18868	unique
41060	14225	uniq-repeat-cont
41097	20396	unique
41159	19826	span-repeat
41160	13762	span-repeat
41196	9581	unique
41200	9004	unique
41234	17566	uniq-repeat-cont
41249	15725	unique
41282	18351	span-repeat
41283	16371	unique
41294	14126	unique
41478	18831	unique
41492	15564	unique
41502	18658	span-repeat
41505	14879	unique
41515	16713	unique
41539	11092	unique
41564	19830	unique
41574	22145	unique
41644	12311	unique
41647	11141	unique
41653	12271	span-repeat
41752	18944	unique
41764	18022	unique
41779	19611	unique
41788	10564	unique
41820	14459	unique
41825	14705	unique
41831	15762	unique
41842	16606	unique
41969	16313	unique
42039	17561	span-repeat
42242	15898	span-repeat
42257	14798	unique
42309	13688	unique
42352	14338	unique
42359	17461	unique
42384	11590	unique
42444	11912	span-repeat
42462	19383	unique
42505	14195	unique
42544	12220	unique
42565	1075	unique
42679	21625	unique
42727	18957	unique
42742	18993	unique
42775	15159	unique
42920	18778	unique
42934	17729	unique
43051	12902	unique
43072	14699	unique
43099	9829	unique
43136	19228	unique
43158	17842	unique
43313	11016	uniq-repeat-cont
43345	9318	unique
43350	13362	span-repeat
43373	8179	unique
43377	10833	unique
43421	15566	unique
43496	20020	uniq-repeat-cont
43514	9816	unique
43607	24034	unique
43638	18253	unique
43710	18256	unique
43726	8446	unique
43778	2642	unique
43794	16933	unique
43796	19875	unique
43804	27567	unique
43883	21466	span-repeat
43885	8680	span-repeat
43931	16059	unique
43980	19115	span-repeat
44004	24571	unique
44099	18421	unique
44118	13604	unique
44186	15983	unique
44201	7949	unique
44236	19419	unique
44289	15830	uniq-repeat-cont
44310	26217	unique
44335	10889	unique
44349	11726	unique
44373	19630	unique
44432	18852	uniq-repeat-cont
44441	17774	unique
44471	17564	unique
44493	12005	span-repeat
44522	22687	unique
44545	10429	unique
44745	13582	span-repeat
44751	23300	unique
44892	30245	span-repeat
44925	9489	unique
45038	22202	unique
45083	17517	unique
45174	21741	span-repeat
45274	19752	uniq-repeat-cont
45312	10214	unique
45341	11618	unique
45353	13988	uniq-repeat-cont
45362	18200	unique
45377	15152	unique
45446	18398	unique
45461	8921	uniq-repeat-cont
45485	14582	uniq-repeat-cont
45514	10544	unique
45598	22819	uniq-repeat-dove
45635	9137	unique
45657	13744	unique
45702	17869	unique
45853	11216	unique
45984	15325	unique
45992	11746	unique
46128	17496	uniq-repeat-cont
46178	14795	unique
46254	19336	span-repeat
46338	13196	unique
46385	16433	unique
46440	18366	unique
46460	11620	unique
46522	10715	unique
46531	10654	unique
46638	11185	unique
46720	21698	unique
46799	15461	uniq-repeat-cont
46803	20417	unique
46846	22825	unique
46950	13021	span-repeat
46953	16454	span-repeat
47001	16472	span-repeat
47023	24709	unique
47046	14763	unique
47052	19084	span-repeat
47098	14359	unique
47106	16600	unique
47275	17982	unique
47293	20792	unique
47314	29428	unique
47411	16061	unique
47520	22930	unique
47603	18604	unique
47637	14588	unique
47672	21153	span-repeat
47693	11895	unique
47814	15058	unique
47851	14177	unique
47949	13459	span-repeat
48039	14364	unique
48096	21135	unique
48272	17528	span-repeat
48287	4986	span-repeat
48354	13585	unique
48381	15907	unique
48442	22964	unique
48494	12250	unique
48506	14798	unique
48514	9931	unique
48609	12301	unique
48670	24086	unique
48684	12912	unique
48799	21419	unique
48869	17167	unique
48990	12317	unique
49029	21487	span-repeat
49107	13189	span-repeat
49115	20233	unique
49162	20357	unique
49182	14269	unique
49190	11024	unique
49256	10619	uniq-repeat-cont
49259	16125	unique
49309	10907	unique
49340	22278	unique
49401	20475	unique
49404	18900	span-repeat
49480	23033	unique
49524	23220	unique
49794	8982	unique
49908	15308	unique
49943	13501	unique
49974	8397	unique
50008	18444	unique
50093	12988	unique
50111	16126	unique
50113	11945	unique
50122	10621	span-repeat
50152	12616	unique
50154	13123	span-repeat
50167	12820	unique
50168	17493	unique
50184	22993	unique
50327	16791	unique
50481	20635	unique
50523	23049	unique
50543	10753	span-repeat
50561	9602	unique
50825	14103	unique
50855	13122	unique
50868	11595	unique
50879	8434	unique
50910	20743	unique
50972	12550	unique
51177	11013	unique
51259	18079	unique
51293	18887	unique
51412	13131	unique
51417	16370	uniq-repeat-cont
51489	1246	unique
51573	24369	unique
51584	14299	unique
51645	22595	unique
51674	20403	unique
51689	10231	unique
51710	11847	unique
51754	17171	unique
51812	12416	uniq-repeat-cont
51838	13661	span-repeat
51915	12766	unique
51931	12828	unique
52048	9923	unique
52112	19184	unique
52143	10994	unique
52270	17277	unique
52328	13928	unique
52382	17184	unique
52425	13027	unique
52482	16211	span-repeat
52500	1503	unique
52501	20198	uniq-repeat-dove
52527	14773	unique
52535	17847	unique
52540	16513	unique
52544	12130	unique
52566	12422	unique
52587	18295	unique
52676	7665	unique
52736	19331	unique
52836	20865	span-repeat
52923	19680	unique
52946	13864	span-repeat
53025	8171	unique
53147	19291	unique
53228	12324	unique
53274	16023	unique
53308	10680	unique
53322	10910	unique
53431	14299	unique
53513	13491	unique
53710	14089	span-repeat
53750	19692	span-repeat
53816	18140	span-repeat
53826	26144	span-repeat
53829	17002	unique
53931	15538	unique
54012	19757	unique
54101	10291	unique
54173	15083	unique
54186	8899	unique
54187	10407	unique
54258	15887	unique
54366	17644	span-repeat
54467	27080	unique
54499	11277	span-repeat
54568	11941	unique
54674	8641	unique
54698	11332	unique
54722	10338	span-repeat
54861	15929	unique
54910	17738	unique
54914	24473	unique
55017	12868	span-repeat
55035	23409	unique
55040	12437	unique
55049	17333	unique
55052	17360	unique
55069	22491	unique
55135	20786	unique
55145	9418	unique
55211	15125	unique
55248	8924	unique
55271	12585	unique
55373	8613	unique
55381	6179	unique
55410	14558	unique
55427	16374	unique
55551	10522	unique
55552	13903	unique
55553	7915	span-repeat
55583	13908	unique
55621	20893	unique
55656	19138	unique
55660	25411	unique
55690	17808	unique
55696	17518	unique
55747	25481	unique
55757	13179	unique
55775	12447	unique
55813	19994	span-repeat
55883	20384	unique
55902	4527	unique
55919	20083	span-repeat
55947	11093	unique
56011	6355	uniq-repeat-dove
56017	14165	unique
56066	12861	unique
56098	12701	unique
56117	18873	unique
56118	13760	span-repeat
56231	18259	unique
56304	10636	unique
56486	20091	unique
56652	9832	unique
56696	16661	unique
56713	13534	unique
56799	21801	unique
56803	17547	span-repeat
56813	10434	unique
56821	12782	unique
56825	19857	unique
56887	17169	span-repeat
56896	25681	unique
56986	10440	unique
57021	17130	span-repeat
57145	22958	span-repeat
57285	22965	unique
57377	13611	unique
57383	24150	unique
57492	22704	unique
57565	12079	unique
57762	16013	unique
57889	10648	unique
57931	19014	span-repeat
57935	12707	unique
58015	10794	unique
58115	17364	span-repeat
58174	18780	span-repeat
58207	14269	unique
58278	25072	uniq-repeat-dove
58287	10497	unique
58295	19513	unique
58396	15328	unique
58476	5390	unique
58617	21656	span-repeat
58629	10144	unique
58634	8385	unique
58639	12012	unique
58644	14655	unique
58660	23562	span-repeat
58759	17610	unique
58844	19729	unique
58920	11276	unique
58947	11860	unique
58998	9566	uniq-repeat-cont
59049	19664	unique
59125	9425	unique
59183	19978	unique
59298	24977	middle-missing
59309	9036	unique
59311	11619	unique
59446	16752	unique
59629	17118	unique
59653	19642	unique
59691	19156	span-repeat
59844	25118	unique
59907	15508	unique
59935	12472	unique
60085	20882	unique
60141	16725	span-repeat
60175	10758	span-repeat
60246	8684	unique
60618	25634	unique
60715	10923	unique
60768	14400	unique
60773	20040	span-repeat
60790	23357	unique
60917	22712	span-repeat
60927	13918	unique
60984	14816	uniq-repeat-cont
61004	10437	unique
61199	16889	unique
61294	14738	unique
61327	10846	unique
61369	9619	unique
61412	11875	span-repeat
61453	20052	span-repeat
61465	6533	unique
61533	28908	span-repeat
61568	13045	unique
61579	10057	unique
61613	11703	unique
61666	14737	unique
61707	16531	span-repeat
61764	11207	unique
61795	8296	unique
61797	14017	unique
61962	10437	unique
62146	21920	unique
62364	27684	uniq-repeat-dove
62408	31939	unique
62433	17119	span-repeat
62439	20884	unique
62453	25784	unique
62512	16892	unique
62544	12896	unique
62551	24644	unique
62569	19801	unique
62592	19629	unique
62596	19026	unique
62601	11627	span-repeat
62624	15140	unique
62644	10813	span-repeat
62751	18386	unique
62892	11324	unique
63024	15733	unique
63071	13217	span-repeat
63142	19928	uniq-repeat-dove
63145	11265	unique
63179	11819	unique
63342	18240	unique
63384	20844	unique
63385	13568	unique
63478	2000	unique
63496	19461	unique
63515	10303	uniq-repeat-cont
63519	17077	unique
63538	19196	unique
63539	22490	span-repeat
63598	23642	unique
63613	10457	unique
63627	13819	unique
63669	11569	span-repeat
63708	23435	span-repeat
63762	17339	unique
63787	11251	unique
63788	10830	uniq-repeat-cont
63853	12655	unique
63907	10884	unique
63955	10628	unique
64021	19354	unique
64033	22215	unique
64041	10742	unique
64084	23095	unique
64093	13239	unique
64206	15527	unique
64223	11460	unique
64347	19618	span-repeat
64363	10900	unique
64450	20351	span-repeat
64465	8113	unique
64627	14980	unique
64695	24372	unique
64772	10249	span-repeat
64774	11243	unique
64828	11316	unique
64836	13016	unique
64931	17029	unique
64942	19360	unique
64995	16926	unique
65014	12416	span-repeat
65133	23734	unique
65135	13110	span-repeat
65165	20841	unique
65185	21188	unique
65217	15197	unique
65303	13316	unique
65324	12523	unique
65395	14467	unique
65431	7891	unique
65546	20722	span-repeat
65547	15580	unique
65548	24597	unique
65608	26079	unique
65660	19193	span-repeat
65730	11868	unique
65800	11306	unique
65851	1947	unique
65860	22226	uniq-repeat-dove
65926	20772	span-repeat
66111	19598	uniq-repeat-dove
66119	17568	unique
66164	15377	unique
66202	8658	unique
66222	14153	unique
66287	13860	span-repeat
66358	16899	unique
66405	17703	span-repeat
66501	17912	unique
66502	24635	span-repeat
66513	23045	unique
66543	19880	unique
66616	10631	unique
66652	16248	unique
66680	15234	unique
66725	10778	unique
66728	11560	span-repeat
66851	23484	uniq-repeat-cont
66920	13171	unique
67031	18819	span-repeat
67085	11733	uniq-repeat-cont
67114	17348	unique
67132	15955	unique
67162	10224	unique
67185	17629	unique
67193	13280	unique
67197	17699	uniq-repeat-cont
67207	12482	unique
67396	12798	unique
67413	10290	unique
67508	25500	unique
67540	15139	unique
67622	10661	unique
67636	17559	unique
67683	24364	unique
67725	14367	unique
67743	25596	unique
67752	15629	unique
67805	16672	unique
67826	20541	unique
67841	27448	unique
67931	13823	unique
67968	11544	unique
68007	10581	uniq-repeat-cont
68029	1293	unique
68091	16485	unique
68152	13254	unique
68161	4189	unique
68199	13094	unique
68228	16440	unique
68229	11701	unique
68268	21273	unique
68317	10265	unique
68347	12969	unique
68370	19816	unique
68586	19822	unique
68621	11199	span-repeat
68662	10713	unique
68687	13762	unique
68698	11830	unique
68752	26207	unique
68757	19599	unique
68957	15792	unique
68978	1066	unique
69024	14370	unique
69184	17720	unique
69276	18014	unique
69277	12294	unique
69304	14524	unique
69328	12383	unique
69353	15939	unique
69400	33542	span-repeat
69439	10667	unique
69474	23444	unique
69561	9234	unique
69650	21295	unique
69774	10503	unique
69880	21549	unique
69959	26499	unique
69980	14864	unique
70013	13530	unique
70054	20139	span-repeat
70109	14337	span-repeat
70138	11680	unique
70280	11693	unique
70319	22910	unique
70375	14052	unique
70377	20518	unique
70468	21483	span-repeat
70622	13042	unique
70656	30719	unique
70658	9931	unique
70700	15345	span-repeat
70871	19242	unique
70948	10900	unique
70956	19802	unique
70961	21376	unique
70993	22420	unique
71085	20594	unique
71107	12487	unique
71127	18039	unique
71149	21707	uniq-repeat-dove
71181	8322	contained-repeat
71188	17240	unique
71270	20970	unique
71279	14865	unique
71328	12718	unique
71401	7973	span-repeat
71439	10395	span-repeat
71471	7038	unique
71473	19072	unique
71490	18276	unique
71634	10401	unique
71654	22736	unique
71664	19488	unique
71676	7706	span-repeat
71698	17561	unique
71772	20733	unique
71782	9476	unique
71787	19269	unique
71808	19260	unique
71834	18720	span-repeat
71900	4931	unique
71901	11170	span-repeat
71918	17921	unique
71926	8563	unique
71946	28434	span-repeat
71948	11266	unique
71978	13661	unique
72033	13331	unique
72058	15467	unique
72066	12523	span-repeat
72126	14680	unique
72129	9194	unique
72216	5650	unique
72378	25405	unique
72407	16069	unique
72451	13607	unique
72520	15526	unique
72523	21339	unique
72527	17863	span-repeat
72582	30967	unique
72604	27255	unique
72614	14073	unique
72745	11107	unique
72767	15640	unique
72810	14248	unique
72837	10670	span-repeat
73023	10013	unique
73034	15687	unique
73097	15213	unique
73098	28390	unique
73129	13477	unique
73196	21858	unique
73231	22997	span-repeat
73259	16583	unique
73282	12530	unique
73289	17580	unique
73306	28467	unique
73383	10173	span-repeat
73401	8689	unique
73481	14883	span-repeat
73486	11237	unique
73535	2903	unique
73539	16608	unique
73557	20332	unique
73635	20904	unique
73689	18718	unique
73695	24234	unique
73864	9671	unique
73878	19298	span-repeat
73956	13845	unique
74053	19612	unique
74071	15139	unique
74121	8278	unique
74141	13250	unique
74146	9559	unique
74166	6798	unique
74179	20323	unique
74242	20223	unique
74267	9602	unique
74349	36883	no-3-prime
74378	9253	span-repeat
74379	27284	unique
74394	19615	unique
74405	27752	middle-missing
74489	15488	unique
74510	10303	span-repeat
74521	18807	unique
74615	11125	unique
74666	14348	unique
74747	26453	unique
74793	24919	unique
74797	14664	unique
74835	20517	span-repeat
74941	7743	unique
74945	7117	unique
75010	16567	unique
75049	27990	unique
75079	13127	unique
75157	20040	span-repeat
75175	13300	span-repeat
75191	11969	unique
75226	21372	unique
75234	21914	span-repeat
75273	21135	unique
75348	13325	unique
75434	10972	unique
75523	7321	span-repeat
75543	21766	unique
75670	25861	unique
75674	11825	unique
75784	14554	unique
75874	15641	unique
75882	9158	unique
75899	11010	unique
75982	17233	unique
76037	29042	uniq-repeat-dove
76040	11753	unique
76060	14960	unique
76156	23472	unique
76158	16111	unique
76274	18804	span-repeat
76282	17645	uniq-repeat-cont
76416	18254	unique
76516	18913	unique
76538	27056	unique
76589	19131	unique
76697	30020	span-repeat
76741	8014	unique
76743	11703	unique
76771	6670	unique
76829	12936	unique
76836	18376	unique
76841	10312	uniq-repeat-cont
76845	19457	span-repeat
76967	19050	unique
77048	4187	unique
77061	17400	unique
77130	14537	unique
77148	8670	unique
77182	18293	unique
77304	23290	span-repeat
77315	13299	unique
77328	15824	span-repeat
77366	19508	span-repeat
77425	29357	unique
77510	14694	unique
77516	17477	uniq-repeat-cont
77636	8332	unique
77701	12819	span-repeat
77709	3324	contained-repeat
77765	15430	unique
77775	24755	unique
77782	9166	unique
77798	22446	unique
77800	16608	unique
77881	24770	unique
77906	18489	unique
78068	19965	unique
78072	10811	unique
78118	9300	unique
78122	12948	unique
78154	19171	span-repeat
78196	18796	unique
78246	9603	span-repeat
78270	19896	span-repeat
78314	18749	unique
78348	18426	unique
78353	12529	unique
78355	21897	unique
78356	12987	unique
78474	16048	unique
78578	9351	unique
78603	20798	span-repeat
78661	20497	unique
78691	11094	unique
78730	5305	span-repeat
78747	13377	uniq-repeat-cont
78789	13097	unique
78865	19423	uniq-repeat-cont
78871	22105	span-repeat
78922	10599	unique
78950	13846	unique
78979	11846	unique
78988	15734	uniq-repeat-cont
78991	14840	unique
79003	23021	span-repeat
79143	11895	unique
79163	19930	unique
79219	20402	unique
79244	16385	unique
79277	12582	unique
79600	14875	unique
79604	11596	unique
79730	19984	unique
79733	19100	unique
79769	10539	unique
79783	13996	unique
79805	13885	unique
79820	27553	unique
79856	12849	unique
80046	1112	no-3-prime
80053	11975	unique
80082	28577	unique
80154	24531	unique
80208	13354	unique
80226	37023	span-repeat
80359	15876	unique
80425	24999	unique
80478	33353	unique
80500	22393	unique
80516	17644	unique
80531	17429	span-repeat
80573	17681	uniq-repeat-cont
80736	9654	unique
80759	13636	unique
80761	13428	uniq-repeat-cont
80785	8907	unique
80824	15476	unique
80916	23590	unique
80997	23877	unique
81009	27389	unique
81030	20762	unique
81036	12832	unique
81040	12669	unique
81043	17297	span-repeat
81053	21261	unique
81133	5925	unique
81147	11068	span-repeat
81169	13156	unique
81210	13734	unique
81238	11805	unique
81255	14717	unique
81356	11017	span-repeat
81369	12190	unique
81384	6485	unique
81425	19137	unique
81437	11591	unique
81506	11380	uniq-repeat-cont
81514	13150	span-repeat
81549	15930	unique
81570	17765	unique
81598	11119	unique
81600	21178	unique
81611	25287	unique
81668	12203	unique
81736	14355	unique
81855	28139	unique
81921	36497	uniq-repeat-dove
81926	19766	unique
81975	18482	unique
82115	21083	span-repeat
82135	11336	unique
82258	12749	unique
82396	22473	unique
82444	21425	unique
82487	8920	unique
82537	16617	unique
82585	8804	unique
82597	19797	unique
82684	25675	unique
82710	15507	unique
82758	13051	unique
82874	20433	unique
82901	23515	span-repeat
82902	22298	unique
82960	6046	unique
82977	10298	unique
83033	15140	unique
83099	9309	unique
83153	10408	unique
83206	22788	unique
83250	9632	unique
83261	24362	unique
83295	10656	unique
83419	23344	unique
83496	20405	unique
83512	14723	unique
83548	8152	span-repeat
83601	16990	unique
83603	17456	span-repeat
83608	10241	unique
83612	25658	unique
83662	18455	span-repeat
83677	17401	span-repeat
83713	20937	unique
83813	9588	unique
83901	19063	unique
83931	24411	unique
84013	17875	unique
84072	12219	uniq-repeat-cont
84076	18988	span-repeat
84146	22855	span-repeat
84152	23190	uniq-repeat-dove
84187	12517	unique
84236	11859	unique
84237	13258	unique
84315	17026	unique
84321	20692	unique
84384	13741	uniq-repeat-cont
84389	10573	unique
84394	8822	unique
84458	11783	span-repeat
84523	24109	unique
84563	12948	unique
84565	22467	span-repeat
84601	26694	uniq-repeat-cont
84700	14881	span-repeat
84776	16395	span-repeat
84781	17414	unique
84791	8378	unique
84830	12340	unique
84887	13854	unique
84959	6081	unique
84974	19027	unique
84993	18460	unique
85068	14583	unique
85122	18888	unique
85191	21965	unique
85278	10056	unique
85286	7809	unique
85302	22455	span-repeat
85309	16820	unique
85353	12295	uniq-repeat-cont
85384	17751	unique
85476	9856	contained-repeat
85483	9764	unique
85655	21530	span-repeat
85771	14300	unique
85799	18548	span-repeat
85849	10840	unique
85905	15770	unique
85967	13176	unique
86155	14704	unique
86158	12271	unique
86166	12950	unique
86299	15056	span-repeat
86313	16918	unique
86398	20111	uniq-repeat-cont
86429	11237	unique
86469	13492	unique
86483	15970	unique
86542	13365	unique
86627	21461	unique
86686	15549	unique
86694	18689	unique
86714	15043	unique
86727	30764	uniq-anchor
86737	11610	unique
86743	11656	unique
86778	20842	unique
86783	11788	unique
86787	21351	span-repeat
86804	15963	unique
86814	13675	unique
86820	17497	unique
86870	17382	unique
86871	13983	unique
86898	21036	unique
87154	14206	uniq-repeat-cont
87193	13253	uniq-repeat-cont
87228	15615	unique
87283	12123	unique
87285	10179	unique
87364	10883	unique
87366	10277	unique
87468	21234	span-repeat
87518	12607	unique
87802	7770	unique
87843	12337	unique
87845	15322	uniq-repeat-cont
87864	16910	unique
87901	12918	unique
87906	19622	span-repeat
87962	12769	unique
88057	24237	span-repeat
88124	10452	unique
88176	20948	unique
88205	17705	unique
88247	24340	unique
88297	9641	unique
88306	20298	span-repeat
88314	14523	unique
88326	17472	unique
88370	21535	unique
88373	15908	unique
88423	18915	unique
88532	24832	unique
88643	11381	unique
88649	19949	unique
88741	16527	unique
88766	26186	unique
88796	13022	unique
88822	17673	unique
88844	18617	span-repeat
88973	12444	span-repeat
89034	9278	unique
89052	19107	unique
89096	15049	unique
89173	11875	unique
89200	16113	unique
89223	9718	span-repeat
89270	7235	middle-missing
89303	21821	unique
89354	21550	uniq-repeat-dove
89357	23550	span-repeat
89462	15654	unique
89601	19651	unique
89611	19500	span-repeat
89622	12926	unique
89765	23261	unique
89773	11229	span-repeat
89786	11448	unique
89806	25389	unique
89838	19355	unique
89876	24143	unique
89877	23921	unique
89936	16024	unique
90003	15137	unique
90069	11709	uniq-repeat-cont
90107	19499	unique
90138	19642	unique
90162	16719	unique
90191	10787	unique
90211	20495	span-repeat
90259	19357	unique
90299	22428	unique
90301	12505	unique
90400	18819	unique
90512	17106	unique
90615	6675	unique
90650	12623	unique
90686	16174	unique
90723	21860	unique
90724	23250	unique
90746	19904	unique
90973	16751	unique
91039	11946	unique
91067	15753	unique
91082	27839	unique
91275	21909	span-repeat
91281	17633	span-repeat
91297	14071	span-repeat
91399	12731	unique
91555	25877	unique
91595	12354	unique
91604	14427	unique
91662	18527	unique
91682	13184	unique
91692	21219	unique
91747	19587	span-repeat
91937	23177	unique
91997	6286	unique
92094	9976	unique
92222	8672	unique
92250	15366	unique
92281	22877	unique
92395	9915	unique
92432	14639	span-repeat
92467	10653	unique
92496	21093	unique
92605	32645	uniq-repeat-cont
92665	11845	unique
92697	11948	unique
92718	19681	unique
92748	16433	unique
92761	25542	span-repeat
92782	13688	unique
92798	19705	unique
92835	17138	unique
92855	20625	unique
92919	10998	unique
93049	21789	unique
93189	19320	unique
93255	12603	unique
93260	8708	unique
93296	17978	uniq-repeat-cont
93344	11624	unique
93433	23192	unique
93439	5899	unique
93490	11892	unique
93577	11554	span-repeat
93592	13535	unique
93603	22752	uniq-repeat-dove
93710	26710	unique
93775	21613	unique
93789	25662	unique
93816	10122	unique
93821	21096	unique
93833	9063	unique
93837	15582	unique
93939	10739	unique
94113	24662	span-repeat
94118	16729	unique
94120	19588	unique
94160	16472	span-repeat
94219	10656	unique
94250	10940	unique
94291	12327	unique
94387	12148	uniq-repeat-cont
94410	11701	unique
94442	21004	unique
94522	12049	unique
94546	17828	unique
94566	17316	unique
94587	15868	unique
94598	17269	unique
94630	11320	unique
94657	13356	unique
94712	9471	unique
94713	19282	unique
94724	9398	unique
94754	15539	unique
94802	17654	unique
94838	12309	unique
94874	10789	unique
94931	15593	span-repeat
94979	18806	unique
95096	20980	unique
95182	4109	unique
95245	18961	span-repeat
95246	20947	unique
95307	12746	unique
95406	13212	unique
95426	16827	unique
95563	14374	unique
95614	23265	span-repeat
95639	13182	unique
95693	19555	span-repeat
95708	11654	unique
95718	21994	span-repeat
95778	12594	unique
95811	16171	unique
95860	9282	unique
95898	1319	unique
95936	18689	unique
96043	20118	unique
96087	19543	unique
96097	14239	span-repeat
96101	10467	unique
96251	9100	unique
96284	20768	unique
96294	14275	unique
96325	17053	span-repeat
96442	6417	span-repeat
96464	21295	unique
96549	24122	unique
96602	19498	unique
96665	18115	span-repeat
96668	17189	unique
96672	15913	uniq-repeat-cont
96794	19797	unique
96816	15692	unique
96827	9840	unique
96845	28656	unique
96848	12173	span-repeat
96885	9219	unique
96941	11952	unique
97055	11455	unique
97074	25127	unique
97226	12147	unique
97233	12787	unique
97242	28324	unique
97257	17218	unique
97293	19476	unique
97346	13507	unique
97529	8612	unique
97572	13315	unique
97591	7774	unique
97659	21561	unique
97793	12143	unique
97808	8831	unique
97815	21236	unique
97831	29474	span-repeat
97881	21758	unique
97922	25963	span-repeat
98051	12184	unique
98122	12918	unique
98199	17209	uniq-repeat-cont
98221	22761	unique
98237	14366	unique
98262	8738	unique
98318	18032	unique
98324	17867	unique
98373	24796	unique
98414	15623	unique
98418	13490	unique
98441	16489	unique
98458	22276	unique
98471	22231	unique
98584	9748	unique
98622	9162	unique
98635	20260	unique
98636	11737	unique
98641	24164	unique
98702	23533	uniq-anchor
98786	18510	unique
98894	15441	unique
98898	12717	uniq-repeat-cont
98901	7340	unique
98910	13904	unique
98998	10129	span-repeat
99042	13414	span-repeat
99064	21067	unique
99080	18735	unique
99135	12431	unique
99162	21275	unique
99216	13087	uniq-repeat-cont
99262	3141	uniq-repeat-cont
99296	20549	unique
99322	18514	uniq-repeat-cont
99327	19590	unique
99346	28399	uniq-repeat-cont
99499	12706	span-repeat
99522	21451	uniq-repeat-cont
99920	20851	span-repeat
99949	3430	unique
99951	9959	unique
100007	18992	unique
100190	8491	unique
100292	15038	unique
100419	6600	span-repeat
100508	12482	unique
100562	13703	unique
100575	20316	unique
100651	15049	unique
100657	14770	unique
100665	16417	unique
100766	14563	span-repeat
100828	17058	unique
100850	19412	unique
100980	23111	span-repeat
101041	11331	unique
101098	12554	unique
101197	9875	span-repeat
101233	11301	unique
101234	12943	span-repeat
101282	11320	uniq-repeat-cont
101289	9766	unique
101304	2270	unique
101319	13281	unique
101565	15778	unique
101657	16412	unique
101677	17611	uniq-repeat-cont
101777	9568	unique
101805	17316	span-repeat
101995	12110	unique
102003	19117	unique
102051	16575	span-repeat
102091	20086	span-repeat
102106	12295	unique
102119	12236	span-repeat
102141	15125	unique
102188	11508	uniq-repeat-cont
102210	9992	unique
102243	19380	unique
102274	2355	unique
102326	13724	uniq-repeat-cont
102365	15822	unique
102451	23415	unique
102499	12365	span-repeat
102602	7495	unique
102651	11560	unique
102676	22133	unique
102732	15820	unique
102755	10348	unique
102765	18586	unique
102782	11254	unique
102841	20711	span-repeat
102892	14566	unique
102897	18040	unique
102902	13526	unique
102983	15345	span-repeat
103128	7977	uniq-repeat-cont
103224	19683	unique
103323	14059	unique
103346	18874	unique
103352	13347	unique
103373	14257	unique
103403	19680	unique
103408	13017	unique
103416	24540	unique
103420	13363	span-repeat
103466	13726	unique
103549	12433	unique
103588	19265	unique
103703	25302	unique
103715	12992	unique
103897	11554	unique
103993	18071	unique
104009	7317	unique
104020	32491	unique
104136	10571	unique
104147	10691	unique
104297	17408	unique
104310	14298	unique
104365	24656	uniq-repeat-dove
104398	13575	unique
104405	11277	span-repeat
104499	9197	unique
104523	21436	unique
104532	9525	unique
104564	16186	unique
104704	12214	unique
104727	14849	unique
104784	16114	span-repeat
104791	19839	unique
104854	21902	unique
104958	10807	unique
104983	13345	span-repeat
105029	5314	uniq-repeat-cont
105040	13983	unique
105133	6638	unique
105176	18587	span-repeat
105269	11841	unique
105272	15212	unique
105280	13146	unique
105283	16905	unique
105286	23496	unique
105319	13278	unique
105362	18903	unique
105417	16357	uniq-repeat-cont
105438	13074	span-repeat
105525	26337	unique
105552	13098	unique
105556	19107	unique
105594	19660	span-repeat
105625	19972	unique
105699	9110	span-repeat
105701	11417	unique
105714	11700	unique
105728	1480	middle-missing
105771	9593	unique
105777	27877	uniq-repeat-cont
105856	21735	unique
105959	11121	uniq-repeat-cont
105981	23105	span-repeat
105987	17504	unique
106054	23140	unique
106056	10672	unique
106078	11769	unique
106123	15749	unique
106130	14472	unique
106146	18912	unique
106195	7875	unique
106220	24895	uniq-repeat-dove
106238	13659	unique
106279	15040	unique
106355	27983	unique
106418	20404	unique
106454	23681	unique
106473	16856	unique
106514	11662	unique
106518	14678	unique
106537	21528	unique
106596	22264	unique
106652	22412	unique
106711	18378	unique
106752	24784	unique
106846	8262	unique
106970	11494	unique
107001	1176	uniq-repeat-cont
107025	8616	unique
107051	22146	uniq-repeat-dove
107059	10761	span-repeat
107065	21773	unique
107106	20594	unique
107124	12066	unique
107170	6124	unique
107176	21015	uniq-repeat-cont
107268	8930	uniq-repeat-cont
107341	19499	unique
107531	20821	span-repeat
107605	11866	uniq-repeat-cont
107797	21323	span-repeat
107863	13627	unique
107980	14323	unique
107996	13836	span-repeat
108194	13433	unique
108197	10990	unique
108226	12160	unique
108442	13226	unique
108519	12701	unique
108545	21070	unique
108546	11656	unique
108591	8891	unique
108698	15670	span-repeat
108701	1862	unique
108740	10908	unique
108744	19006	unique
108749	12175	uniq-repeat-cont
108769	13300	unique
108889	13974	uniq-repeat-cont
108913	13579	unique
108953	9314	unique
109011	22357	unique
109032	28120	unique
109082	18687	unique
109302	17083	unique
109392	13558	span-repeat
109408	23244	unique
109498	20238	unique
109567	10505	unique
109640	10682	unique
109645	12393	unique
109663	7758	uniq-repeat-cont
109819	13219	unique
109858	15429	unique
109882	20190	unique
109892	16925	unique
109928	12027	span-repeat
109974	23073	unique
109989	12759	unique
110001	8151	unique
110002	18207	unique
110038	20080	span-repeat
110098	19878	uniq-repeat-dove
110239	16611	unique
110433	13361	span-repeat
110517	9847	unique
110643	15119	unique
110682	12441	span-repeat
110700	20891	unique
110747	14001	unique
110759	15073	span-repeat
110761	12103	middle-missing
110840	20256	unique
110916	21354	unique
111054	2330	unique
111061	14317	unique
111091	15035	unique
111154	24143	unique
111266	6434	unique
111336	19600	unique
111366	17942	unique
111372	14607	unique
111404	10449	unique
111418	14361	unique
111457	18809	unique
111542	21298	unique
111610	22927	unique
111634	22207	unique
111644	10961	unique
111742	14888	unique
111785	15306	unique
111786	16758	unique
111796	12206	unique
111816	15699	unique
111874	36051	unique
111928	22010	unique
111934	15439	unique
111937	17123	unique
111996	15810	unique
112131	11460	unique
112193	17079	unique
112236	24153	unique
112292	13244	unique
112309	12826	unique
112376	12415	unique
112386	17682	uniq-repeat-cont
112437	20254	unique
112449	8022	unique
112486	17015	unique
112526	9793	unique
112648	11368	unique
112654	19569	unique
112664	12104	span-repeat
112672	12718	unique
112731	22323	unique
112768	12149	unique
112788	15121	span-repeat
112811	10751	span-repeat
112912	22260	span-repeat
112929	10727	unique
112933	22491	unique
112994	15208	unique
113017	24308	unique
113089	12852	uniq-repeat-cont
113119	15023	uniq-repeat-cont
113157	18092	unique
113210	19785	span-repeat
113256	11230	unique
113365	13291	unique
113369	20127	unique
113443	15929	unique
113468	9153	unique
113503	15014	unique
113556	10020	uniq-repeat-cont
113640	20883	unique
113654	8791	span-repeat
113667	13904	unique
113688	11181	unique
113743	12756	unique
113757	10626	unique
113776	13682	unique
113864	28651	span-repeat
113889	11425	unique
113893	14203	span-repeat
113905	21423	unique
114053	16354	unique
114197	15294	unique
114203	8009	unique
114207	11046	unique
114243	19544	unique
114307	23859	unique
114476	12445	unique
114487	17525	unique
114543	19385	unique
114584	13818	unique
114601	15168	unique
114621	12894	unique
114626	13894	unique
114627	7948	unique
114681	30859	span-repeat
114722	8048	unique
114873	10149	unique
114907	13904	unique
114967	9380	unique
114989	12204	unique
115022	6602	unique
115028	23754	unique
115037	10385	unique
115166	19185	unique
115180	18834	unique
115231	6871	unique
115237	11059	span-repeat
115270	5363	uniq-repeat-cont
115279	14572	span-repeat
115309	15821	unique
115450	17293	unique
115552	21866	unique
115613	19976	unique
115675	18492	unique
115693	10954	uniq-repeat-cont
115725	21661	unique
115744	12773	span-repeat
115802	14829	unique
115807	23018	unique
115823	14609	unique
115956	14247	unique
115979	16795	unique
115994	5362	unique
116039	16113	unique
116065	10951	unique
116074	1845	unique
116113	20922	unique
116141	19230	unique
116162	10759	unique
116211	11564	unique
116260	25600	unique
116301	16545	unique
116365	14830	unique
116389	15239	unique
116404	12992	unique
116499	13272	unique
116567	7016	unique
116583	22232	span-repeat
116621	9923	unique
116626	14719	unique
116753	20198	unique
116772	19543	span-repeat
116979	13239	unique
117027	17523	span-repeat
117160	13114	unique
117184	21141	unique
117203	18351	unique
117263	15670	unique
117290	11999	unique
117353	21824	unique
117364	11436	span-repeat
117419	19672	unique
117432	20290	unique
117523	19719	span-repeat
117529	16950	unique
117541	11196	unique
117613	11260	unique
117651	16074	unique
117675	20058	uniq-repeat-cont
117704	14274	unique
117916	10789	span-repeat
117917	18739	unique
118007	9855	span-repeat
118022	19201	unique
118187	12532	unique
118201	33817	unique
118268	19679	span-repeat
118273	16734	span-repeat
118295	18685	unique
118306	10981	unique
118317	10404	unique
118332	8984	unique
118334	19013	span-repeat
118355	9393	unique
118558	11269	unique
118559	11681	unique
118701	19604	unique
118758	19065	unique
118792	8831	unique
118819	8989	unique
118861	18704	unique
118916	18274	unique
118936	19021	unique
119013	17730	unique
119076	11601	span-repeat
119114	1298	unique
119127	19164	unique
119136	3022	uniq-repeat-cont
119176	15684	unique
119240	10731	unique
119258	9517	unique
119266	24941	span-repeat
119276	15579	unique
119279	9078	unique
119387	15670	unique
119388	13129	unique
119391	19969	unique
119446	17357	unique
119523	20120	unique
119534	20530	unique
119574	24209	unique
119580	16151	unique
119585	24819	span-repeat
119595	12208	unique
119636	15411	unique
119640	23636	span-repeat
119699	19860	unique
119705	7824	unique
119742	22948	unique
119764	14573	unique
119941	17893	span-repeat
119989	13479	unique
120025	15955	uniq-repeat-cont
120045	12219	unique
120098	21384	span-repeat
120150	19823	unique
120165	14052	unique
120224	22540	span-repeat
120257	9342	unique
120339	17403	unique
120366	12860	span-repeat
120397	10106	unique
120398	22294	unique
120492	9508	unique
120546	23056	unique
120571	20188	span-repeat
120585	9151	uniq-repeat-cont
120605	24322	unique
120615	13203	unique
120651	12190	span-repeat
120658	10825	unique
120776	18887	span-repeat
120785	9991	unique
120797	16230	unique
120829	14281	unique
120841	21558	unique
120999	11387	unique
121031	19646	unique
121062	12205	unique
121091	13972	unique
121119	15206	unique
121223	15211	unique
121278	8747	unique
121348	21993	unique
121369	14108	uniq-repeat-cont
121396	16192	unique
121533	25307	unique
121577	1073	unique
121623	11068	unique
121693	12214	unique
121744	10950	span-repeat
121753	17046	span-repeat
121892	9218	unique
122001	9633	span-repeat
122116	10625	unique
122126	13053	unique
122211	19421	unique
122243	18939	unique
122321	12650	span-repeat
122326	10637	unique
122449	21710	unique
122519	13626	unique
122569	22861	unique
122610	7768	unique
122625	15849	unique
122629	12418	unique
122804	13522	unique
122810	26616	span-repeat
122857	8527	unique
122858	22171	span-repeat
122884	17147	unique
122977	12550	unique
122998	21060	unique
123073	17605	uniq-repeat-dove
123113	13134	unique
123142	10907	unique
123194	8509	unique
123391	9640	unique
123432	8787	unique
123492	11678	unique
123504	13078	unique
123582	11304	unique
123583	20019	uniq-anchor
123601	16156	unique
123605	13680	unique
123638	14218	unique
123662	10439	unique
123691	10837	unique
123698	9977	span-repeat
123711	15312	unique
123715	26990	unique
123732	12422	unique
123793	10218	unique
123815	15431	unique
123882	12963	unique
123931	6932	unique
123934	16411	unique
123974	22396	unique
123985	13007	unique
124059	13107	uniq-repeat-cont
124062	11929	unique
124140	8971	unique
124329	18036	unique
124344	16236	unique
124403	18783	span-repeat
124424	7763	unique
124454	16899	uniq-anchor
124502	7626	uniq-repeat-cont
124592	19045	unique
124608	20788	unique
124685	16450	unique
124689	14934	unique
124706	18626	unique
124903	23211	unique
125020	15660	unique
125044	18763	unique
125050	11911	unique
125060	6319	unique
125068	23588	unique
125147	11771	unique
125192	12800	unique
125234	11665	unique
125243	17144	unique
125252	16634	unique
125332	22094	uniq-repeat-cont
125422	10522	unique
125475	20429	span-repeat
125485	18617	unique
125540	13600	unique
125551	12614	unique
125553	22283	unique
125640	6151	unique
125665	22127	span-repeat
125679	15635	unique
125754	3030	unique
125816	19079	unique
125836	22910	span-repeat
125850	18966	unique
125923	17326	uniq-repeat-cont
125944	9207	unique
125967	12637	unique
125987	19571	unique
126109	12226	unique
126342	17716	unique
126445	14117	unique
126465	16531	unique
126486	15737	uniq-repeat-cont
126512	10050	unique
126596	7120	unique
126624	20020	unique
126705	12440	unique
126776	18806	unique
126809	11348	unique
126819	12309	uniq-repeat-cont
126907	14412	unique
126913	13502	unique
126984	15121	unique
127003	17286	unique
127012	16369	span-repeat
127024	14779	span-repeat
127070	23427	unique
127230	27452	unique
127273	22863	unique
127294	24549	unique
127369	15847	unique
127399	20561	unique
127469	15874	unique
127623	9180	unique
127634	19136	span-repeat
127730	12902	span-repeat
127852	9647	unique
127905	13447	unique
127910	9859	unique
127996	19259	span-repeat
128002	16727	unique
128126	10863	unique
128286	17006	span-repeat
128291	12531	unique
128374	15211	unique
128416	23483	span-repeat
128442	15870	unique
128623	12432	unique
128660	10221	unique
128684	27619	unique
128725	26271	unique
128781	20202	unique
128793	19275	unique
128856	9650	span-repeat
128912	21581	unique
128913	7974	unique
129013	27551	span-repeat
129014	17181	unique
129231	16758	unique
129257	24480	unique
129292	13582	unique
129370	17011	uniq-repeat-cont
129379	18067	unique
129468	20126	unique
129572	10753	unique
129607	13152	unique
129628	12723	span-repeat
129683	28888	unique
129747	28340	unique
129783	14360	unique
129805	27062	span-repeat
129935	22200	span-repeat
129958	10659	unique
129975	10912	unique
130049	9364	unique
130094	20780	unique
130116	18039	unique
130158	14195	span-repeat
130159	23155	unique
130162	28944	unique
130179	4931	contained-repeat
130245	13944	unique
130346	12181	unique
130372	1478	contained-repeat
130385	18539	unique
130413	13239	unique
130460	12910	unique
130492	17180	unique
130512	8906	unique
130516	17770	unique
130657	14124	unique
130670	17277	unique
130747	17979	span-repeat
130820	18418	unique
130828	15600	uniq-repeat-cont
130835	26713	unique
130969	22338	unique
131010	16558	unique
131027	12289	unique
131062	11994	unique
131064	15133	unique
131204	15271	unique
131217	11312	unique
131240	20281	unique
131333	17111	unique
131338	23149	unique
131531	19425	unique
131856	7615	uniq-repeat-cont
131890	20452	unique
131921	20701	unique
131952	18814	unique
131976	21007	span-repeat
132073	9869	unique
132078	17856	unique
132151	9474	unique
132188	17632	unique
132201	15315	unique
132245	9332	unique
132260	14800	unique
132283	19981	unique
132287	8983	unique
132458	15089	unique
132467	16664	uniq-repeat-cont
132494	17871	unique
132583	17411	unique
132620	23191	unique
132647	19892	unique
132775	10333	span-repeat
132900	18920	span-repeat
132907	11241	unique
132998	11692	unique
133049	17421	unique
133068	13580	unique
133083	8191	span-repeat
133090	12671	span-repeat
133122	17701	uniq-repeat-cont
133169	27196	unique
133257	18783	unique
133287	14848	unique
133302	18138	unique
133363	20380	unique
133391	13257	unique
133407	18066	unique
133409	12416	unique
133457	20520	uniq-repeat-cont
133612	25955	unique
133738	19252	unique
133881	10913	unique
133923	14314	unique
133929	23451	unique
133947	17483	unique
133957	22402	unique
133963	22171	unique
133999	19403	unique
134001	12499	span-repeat
134159	15711	unique
134160	18677	unique
134188	13584	unique
134207	18654	unique
134230	21190	unique
134247	18905	span-repeat
134312	31237	unique
134356	15475	unique
134433	20236	unique
134452	19889	unique
134461	18002	unique
134509	16758	unique
134515	19642	unique
134540	10280	unique
134573	11786	unique
134614	10481	unique
134626	19690	unique
134637	8790	unique
134649	21094	unique
134651	16961	unique
134671	15568	unique
134710	19238	uniq-repeat-cont
134748	18973	unique
134761	20988	span-repeat
134775	21315	unique
134852	17767	unique
134944	14715	unique
134949	9593	unique
134965	12103	span-repeat
134966	16973	unique
134989	10606	unique
135088	12684	span-repeat
135090	18048	span-repeat
135092	11041	unique
135197	16632	unique
135299	11098	unique
135319	16150	middle-missing
135390	10330	unique
135418	21749	unique
135463	15581	unique
135629	5763	unique
135647	8872	unique
135681	13447	unique
135713	7959	unique
135766	19180	unique
135863	11959	unique
135928	11860	unique
135960	16270	unique
136004	23389	unique
136141	13054	unique
136206	16062	unique
136210	14937	unique
136233	2420	unique
136244	7646	unique
136356	4518	unique
136416	19215	uniq-repeat-cont
136432	22847	unique
136466	23439	unique
136568	9799	unique
136579	12166	unique
136582	19739	unique
136588	11188	unique
136629	13741	unique
136677	18399	unique
136725	13522	unique
136921	19958	unique
136995	11010	unique
137009	14343	unique
137088	20345	unique
137091	11488	span-repeat
137108	27791	unique
137133	13852	span-repeat
137179	13758	unique
137187	22169	unique
137286	19282	unique
137290	16438	span-repeat
137313	12654	uniq-repeat-cont
137350	19922	uniq-repeat-cont
137402	16800	uniq-repeat-cont
137447	25703	unique
137453	13483	unique
137469	21658	unique
137572	12344	uniq-repeat-cont
137704	20692	uniq-repeat-cont
137714	10042	uniq-repeat-cont
137781	14054	unique
137801	12109	unique
137815	7692	unique
137817	15198	unique
137835	15139	unique
137853	14599	unique
137899	17014	unique
137946	11428	unique
138050	18693	span-repeat
138053	14623	unique
138106	20259	unique
138127	15688	uniq-repeat-cont
138235	10806	unique
138243	17802	unique
138248	15592	unique
138252	5748	unique
138350	16458	unique
138452	21492	span-repeat
138468	10541	unique
138627	18541	unique
138707	5001	unique
138714	17326	unique
138759	9153	unique
138776	18093	span-repeat
138998	17128	span-repeat
139037	13974	unique
139115	18682	unique
139129	15436	unique
139227	11436	unique
139316	12279	unique
139337	10469	span-repeat
139342	14474	unique
139438	8132	unique
139493	22789	unique
139572	12098	uniq-repeat-cont
139628	17344	unique
139638	13186	unique
139703	23214	unique
139706	9938	unique
139747	19468	unique
139805	18868	unique
139828	11583	unique
139897	19110	span-repeat
139949	12788	unique
139954	11358	unique
140164	17449	unique
140176	13091	unique
140233	14212	unique
140289	16818	unique
140297	10797	unique
140376	12719	span-repeat
140524	20121	uniq-repeat-cont
140614	11659	span-repeat
140623	13829	unique
140659	12174	unique
140847	18212	unique
140876	18847	unique
140961	14417	unique
141080	12193	unique
141127	16459	unique
141155	11145	unique
141216	10046	unique
141230	1374	unique
141249	19792	uniq-repeat-dove
141330	20521	unique
141550	17437	span-repeat
141556	19539	unique
141657	12979	unique
141668	11232	unique
141897	13005	unique
141949	9371	unique
141961	8928	unique
141982	23258	unique
141990	10647	uniq-repeat-cont
142002	17225	unique
142058	10438	span-repeat
142107	6939	unique
142114	7372	unique
142138	16103	unique
142226	12279	unique
142231	7225	unique
142262	10538	unique
142265	11006	uniq-repeat-cont
142283	10256	unique
142309	19587	uniq-repeat-cont
142316	12204	unique
142407	11607	unique
142417	16471	unique
142436	12896	unique
142458	12107	unique
142487	19695	unique
142533	21719	unique
142595	19119	unique
142626	6149	unique
142713	10703	unique
142735	16037	unique
142751	9888	unique
142867	10529	unique
142904	20575	unique
143027	12537	unique
143098	4598	unique
143157	15385	span-repeat
143227	13363	unique
143233	16242	unique
143258	19899	unique
143308	19030	unique
143322	14875	unique
143359	11469	unique
143361	19791	unique
143384	16655	unique
143402	13308	unique
143585	12301	unique
143619	16635	unique
143640	15332	unique
143693	10750	unique
143706	19160	unique
143796	14771	unique
143838	2290	unique
143867	8501	span-repeat
143937	18966	unique
143948	10789	unique
143950	13586	unique
143958	14553	unique
143982	10706	unique
144002	5933	unique
144009	13893	unique
144048	15028	unique
144063	19581	uniq-repeat-cont
144069	23572	unique
144146	19500	uniq-repeat-dove
144175	36664	uniq-repeat-dove
144214	5716	unique
144318	10512	unique
144320	5375	unique
144360	18057	unique
144414	16206	unique
144451	13736	unique
144469	16557	unique
144494	19185	unique
144611	12632	unique
144646	18893	unique
144652	20362	span-repeat
144757	12076	unique
144774	24418	span-repeat
144820	22547	unique
144842	15864	unique
144893	27126	unique
144965	22745	uniq-repeat-cont
144999	28498	span-repeat
145002	26299	unique
145012	14425	span-repeat
145017	14370	unique
145030	14393	unique
145096	7213	uniq-repeat-cont
145212	14832	unique
145279	16852	unique
145366	17165	unique
145425	11005	span-repeat
145461	19868	unique
145481	17988	unique
145495	13617	unique
145511	22983	span-repeat
145525	22023	unique
145557	1014	unique
145567	11585	uniq-repeat-cont
145588	12276	unique
145599	13302	unique
145631	21260	span-repeat
145680	14058	unique
145698	17592	unique
145768	24790	unique
145886	13915	unique
145894	10389	unique
145925	12110	unique
145948	11065	unique
145959	19531	unique
146039	11451	unique
146235	15863	unique
146252	22417	unique
146260	12115	unique
146289	13990	unique
146351	19281	unique
146431	30644	unique
146483	3619	unique
146484	9639	unique
146500	17313	unique
146523	25586	unique
146575	1142	unique
146604	11090	unique
146644	18649	unique
146697	14241	unique
146701	21051	unique
146750	10312	unique
146811	17371	unique
146820	23900	unique
146847	19054	span-repeat
146852	29161	span-repeat
146933	13988	unique
146945	13873	unique
146981	1020	unique
147283	15956	unique
147304	19072	unique
147323	22617	unique
147466	12549	unique
147545	7004	unique
147630	21603	unique
147689	14472	unique
147692	18593	unique
147810	28791	unique
147819	11198	unique
147833	15415	unique
147899	10656	unique
147920	15997	uniq-repeat-cont
148026	10338	unique
148036	23141	unique
148075	10327	unique
148076	11805	unique
148077	9179	unique
148115	15635	unique
148123	9154	uniq-repeat-cont
148150	19974	unique
148167	24811	span-repeat
148203	9483	unique
148228	11369	unique
148231	8759	uniq-repeat-cont
148244	19654	uniq-repeat-cont
148259	21212	unique
148337	11519	unique
148366	11358	unique
148407	18872	unique
148416	2970	unique
148423	12355	unique
148512	10092	unique
148513	18161	unique
148523	17726	unique
148529	16869	unique
148577	24102	unique
148716	12389	unique
148815	11873	unique
148871	19096	span-repeat
148926	22036	unique
148936	9573	unique
148982	9275	span-repeat
149041	13977	unique
149072	14972	unique
149189	22782	unique
149200	10042	unique
149214	13951	unique
149246	15575	unique
149307	12566	unique
149350	10771	unique
149376	6574	unique
149449	4603	unique
149459	14600	unique
149463	18864	unique
149496	2918	unique
149579	11961	unique
149611	11652	unique
149630	12690	uniq-repeat-cont
149638	8323	unique
149666	13443	unique
149682	9927	unique
149738	19691	unique
149759	13877	unique
149775	16731	unique
149829	20956	unique
149831	10213	unique
149842	9384	unique
149938	11438	unique
149940	17929	span-repeat
149969	10181	unique
150027	18886	unique
150124	10515	unique
150181	15400	unique
150210	15345	unique
150260	13749	span-repeat
150283	14263	uniq-repeat-cont
150384	12581	unique
150465	19374	unique
150564	9899	unique
150590	35951	span-repeat
150635	10577	unique
150659	9875	uniq-repeat-cont
150686	14012	unique
150752	19745	unique
150817	12540	unique
150830	16009	unique
150859	28988	unique
150921	21221	unique
151085	21088	unique
151127	25011	unique
151140	19213	unique
151144	16019	unique
151178	15436	unique
151194	21884	unique
151222	28122	unique
151274	11113	unique
151276	19393	unique
151369	2336	unique
151376	19387	unique
151435	10100	span-repeat
151441	24229	unique
151468	4746	unique
151478	13274	unique
151519	17747	unique
151628	17064	unique
151650	14458	unique
151767	10384	unique
151772	15459	unique
151778	24132	span-repeat
151850	20262	span-repeat
151867	14659	span-repeat
152019	11553	unique
152054	8581	unique
152095	14451	unique
152198	19170	unique
152205	15313	unique
152243	15162	unique
152413	18740	unique
152496	20365	unique
152514	16441	unique
152523	15220	unique
152544	9956	unique
152629	9831	unique
152637	9266	unique
152675	18040	unique
152721	14831	unique
152730	19793	unique
152795	25000	unique
152889	22256	unique
152940	12115	unique
153077	15412	unique
153203	25231	unique
153215	1975	unique
153232	19863	unique
153248	11868	unique
153250	19184	unique
153254	11958	unique
153271	15703	unique
153346	11199	span-repeat
153366	11255	unique
153370	25943	unique
153403	19602	unique
153442	12245	unique
153533	31439	uniq-repeat-dove
153635	9264	middle-missing
153662	13517	unique
153803	18026	unique
153953	14909	unique
153955	4023	unique
153960	19053	unique
153968	27939	unique
154013	22599	span-repeat
154024	9848	unique
154088	10175	unique
154204	13233	uniq-repeat-cont
154239	14745	unique
154244	22386	unique
154261	11376	unique
154327	22151	unique
154341	10236	unique
154409	11158	unique
154414	12655	span-repeat
154550	13377	unique
154646	14931	span-repeat
154667	19601	unique
154668	17610	uniq-repeat-cont
154677	21343	unique
154683	16301	unique
154739	12522	unique
154979	9026	unique
154992	19798	span-repeat
155009	29295	unique
155050	10121	unique
155057	12865	unique
155096	13866	unique
155280	23970	unique
155306	13924	unique
155585	7476	unique
155640	14964	unique
155713	8220	uniq-repeat-cont
155723	10954	unique
155752	18501	unique
155830	11340	span-repeat
155858	4586	unique
155875	22329	unique
156075	10333	unique
156182	13648	unique
156219	19048	unique
156283	20000	unique
156348	13206	span-repeat
156386	19590	unique
156417	12101	unique
156457	12397	uniq-repeat-cont
156511	10318	unique
156518	13851	uniq-repeat-cont
156637	15220	unique
156678	14523	span-repeat
156729	19410	unique
156782	10266	unique
156807	17527	unique
156988	16591	unique
157033	12376	unique
157069	10551	unique
157075	15551	span-repeat
157115	19901	unique
157175	21703	unique
157205	22907	unique
157218	22227	span-repeat
157292	13813	unique
157365	10904	unique
157383	13710	unique
157400	18678	uniq-repeat-cont
157446	18629	unique
157448	17208	unique
157543	14292	unique
157578	18634	unique
157663	12531	span-repeat
157713	14598	span-repeat
157816	13679	unique
157872	14465	unique
157995	13138	unique
158098	12310	unique
158113	15385	uniq-repeat-cont
158131	11046	unique
158220	22843	unique
158226	18935	unique
158395	11798	unique
158428	10897	unique
158536	11724	unique
158613	17757	unique
158655	22788	unique
158661	12013	unique
158705	12773	unique
158736	15355	unique
158766	11038	unique
158772	12355	unique
158885	6551	span-repeat
158956	12973	unique
159042	10951	unique
159089	12395	unique
159142	13983	unique
159155	11729	span-repeat
159267	10555	unique
159526	8851	unique
159577	13812	span-repeat
159595	15035	unique
159598	13756	unique
159770	13177	unique
159799	11038	unique
159809	19565	unique
159815	16748	uniq-repeat-cont
160010	12309	unique
160043	17162	unique
160086	15101	unique
160127	15344	uniq-repeat-cont
160191	22358	unique
160194	8049	unique
160249	14521	span-repeat
160251	12689	unique
160343	15805	unique
160357	23485	uniq-repeat-cont
160375	15056	unique
160469	10935	uniq-repeat-cont
160502	17614	unique
160544	12832	unique
160546	16657	unique
160574	18206	span-repeat
160603	11530	unique
160606	11471	unique
160611	18437	span-repeat
160648	10423	unique
160696	14127	unique
160754	10897	span-repeat
160791	10271	unique
160828	14563	unique
160832	18756	unique
160883	16152	unique
160964	8655	unique
161001	24093	unique
161006	19431	unique
161077	12239	unique
161081	23560	unique
161219	19754	span-repeat
161270	20601	unique
161304	9783	unique
161307	19353	unique
161324	19397	unique
161449	17451	unique
161481	16262	unique
161521	15422	unique
161550	11363	span-repeat
161564	19164	unique
161584	9646	unique
161678	16998	span-repeat
161692	10525	unique
161723	11974	unique
161724	11892	unique
161728	22328	unique
161845	20800	unique
161869	21962	span-repeat
161903	15849	uniq-repeat-cont
161906	12240	unique
162008	24165	unique
162155	10356	unique
162169	18781	unique
162198	10203	unique
162204	11284	unique
162228	26245	unique
162269	13708	uniq-repeat-cont
162361	10838	unique
162401	9352	unique
162422	25111	unique
162495	10677	unique
162616	13419	unique
162633	2589	unique
162660	7032	unique
162706	13038	span-repeat
162710	12147	span-repeat
162740	22505	span-repeat
162761	10798	unique
162806	12250	uniq-repeat-cont
162892	7092	unique
162925	14190	unique
162927	8399	unique
163137	11074	unique
163217	23850	unique
163331	22335	unique
163465	21942	span-repeat
163506	6890	unique
163640	16383	unique
163646	13215	unique
163740	13587	unique
163778	23654	span-repeat
163830	17287	unique
163849	15211	unique
163893	13381	span-repeat
164019	25430	span-repeat
164065	13130	unique
164126	14791	uniq-repeat-cont
164171	6767	unique
164223	20342	unique
164348	13475	unique
164378	11265	unique
164429	13038	unique
164441	13348	unique
164479	14064	unique
164498	11789	unique
164516	12243	unique
164519	13908	unique
164521	15456	uniq-repeat-cont
164541	11959	unique
164562	10921	uniq-repeat-cont
164612	23022	unique
164662	19609	unique
164806	11992	uniq-repeat-cont
164873	26582	unique
164876	17228	unique
164885	23172	unique
164970	9259	unique
165037	14783	span-repeat
165063	11666	unique
165072	22473	unique
165150	11793	unique
165174	13241	unique
165229	7715	unique
165345	14717	span-repeat
165430	11120	span-repeat
165564	18558	unique
165606	28500	unique
165730	24066	unique
165765	11202	unique
165810	17202	unique
165919	12215	unique
165957	16180	uniq-repeat-cont
165979	22167	unique
165996	11455	unique
166047	18104	unique
166066	4155	span-repeat
166114	11841	unique
166192	10667	unique
166232	20009	unique
166239	24603	span-repeat
166285	10896	unique
166318	23333	unique
166335	9348	span-repeat
166384	11271	unique
166411	11082	unique
166442	26950	unique
166482	10577	unique
166484	1351	unique
166645	25533	unique
166749	8897	unique
166801	20228	unique
166867	25157	unique
166876	18639	unique
167162	12437	unique
167197	7142	unique
167238	15989	span-repeat
167422	11086	uniq-repeat-cont
167437	15790	unique
167466	13509	unique
167514	23207	uniq-repeat-cont
167541	12122	unique
167686	32314	span-repeat
167758	22974	unique
168016	7157	unique
168113	23323	unique
168114	12118	unique
168127	9732	unique
168136	18245	unique
168417	17950	uniq-repeat-cont
168437	23814	unique
168495	11204	unique
168577	9619	unique
168578	15074	span-repeat
168914	21564	unique
168981	12281	unique
168992	20325	unique
169003	12184	unique
169275	17046	unique
169283	18849	unique
169334	13302	unique
169339	18613	uniq-repeat-cont
169359	9692	unique
169419	20674	unique
169471	14446	unique
169540	8876	uniq-repeat-cont
169560	19687	unique
169591	7703	unique
169653	31211	unique
169671	16391	unique
169704	8346	unique
169870	15562	unique
169948	13618	unique
169970	18464	unique
170014	14739	unique
170031	10525	unique
170049	10754	unique
170197	14562	unique
170222	10296	span-repeat
170245	10924	unique
170275	17956	unique
170301	13375	span-repeat
170349	14988	unique
170381	6044	span-repeat
170393	9082	unique
170416	26449	unique
170471	23562	unique
170489	13117	unique
170531	11638	unique
170552	14014	unique
170593	12484	unique
170606	18863	unique
170645	12367	unique
170663	22844	unique
170722	13514	unique
170744	21602	unique
170804	16137	unique
170861	27391	unique
170863	13125	unique
170907	13809	unique
170965	16652	unique
170980	13580	uniq-repeat-cont
171241	11803	unique
171341	14669	unique
171508	12562	unique
171555	11307	uniq-repeat-cont
171565	12649	unique
171581	23580	span-repeat
171647	25673	unique
171733	5694	unique
171753	20550	unique
171855	13274	unique
171954	19572	unique
171994	18360	unique
172039	7924	unique
172116	13169	uniq-repeat-cont
172146	13762	uniq-repeat-cont
172151	32364	uniq-repeat-dove
172209	7421	unique
172267	17674	unique
172346	28805	span-repeat
172356	15391	unique
172456	10718	unique
172515	20152	span-repeat
172522	12158	unique
172585	14432	unique
172849	12743	unique
172857	21034	unique
172935	16418	unique
172945	13551	unique
173000	11510	uniq-repeat-cont
173036	19116	unique
173089	16923	unique
173090	19214	span-repeat
173123	19293	span-repeat
173153	7306	unique
173173	15838	unique
173325	8577	unique
173580	5427	unique
173581	20124	unique
173591	19659	unique
173602	17895	unique
173604	8762	unique
173607	18897	unique
173617	2755	unique
173625	9782	unique
173676	20410	unique
173733	10623	unique
173742	10245	unique
173756	12748	unique
173783	17908	unique
173865	18290	unique
174099	17317	span-repeat
174172	28889	unique
174203	9290	span-repeat
174240	11486	unique
174250	21019	span-repeat
174393	12666	unique
174439	15227	unique
174456	11102	unique
174489	13572	unique
174565	18450	unique
174638	2826	unique
174668	12882	unique
174745	20825	unique
174874	19173	unique
174894	17818	unique
174906	10813	unique
175006	23964	unique
175056	17528	unique
175077	18521	unique
175101	16723	span-repeat
175107	12945	unique
175207	8521	unique
175224	24462	unique
175272	26690	unique
175337	17776	unique
175344	17032	span-repeat
175424	19152	unique
175477	23272	unique
175480	19981	span-repeat
175540	16164	span-repeat
175667	17799	unique
175670	19841	unique
175690	9437	unique
175699	14798	uniq-repeat-cont
175759	14663	unique
175981	20956	unique
176033	15331	unique
176072	32940	unique
176124	25430	uniq-repeat-dove
176172	10328	unique
176188	19810	unique
176225	11831	unique
176249	17274	uniq-repeat-cont
176251	9965	unique
176311	9025	unique
176333	14101	unique
176343	15574	uniq-repeat-cont
176418	19392	unique
176542	21665	unique
176547	12938	unique
176614	10357	unique
176644	11686	unique
176646	6493	unique
176707	21420	unique
176710	21409	span-repeat
176796	18602	unique
176824	10651	unique
176905	10018	unique
176920	18547	unique
177129	12821	unique
177160	14542	unique
177315	12592	unique
177319	18622	span-repeat
177372	10544	unique
177544	28634	unique
177564	10404	uniq-repeat-cont
177611	17989	unique
177657	16900	unique
177665	5988	unique
177699	18640	unique
177752	18008	unique
177783	18808	unique
177798	31014	unique
177831	10861	unique
177885	10665	unique
177895	16254	unique
177987	11544	unique
177996	11877	unique
178060	9844	unique
178145	17320	uniq-repeat-cont
178297	19993	unique
178299	26879	unique
178354	20250	unique
178409	17565	unique
178502	13638	unique
178519	15198	unique
178527	18921	unique
178682	18360	span-repeat
178754	13888	unique
178788	15885	unique
178854	15331	unique
178877	22533	unique
178939	13153	uniq-repeat-cont
178966	20687	unique
179053	1747	unique
179075	21904	uniq-repeat-dove
179076	19786	unique
179078	22095	unique
179109	14394	span-repeat
179127	19570	unique
179168	13543	unique
179216	16138	uniq-repeat-cont
179249	15992	unique
179267	18018	unique
179286	24367	unique
179320	6157	unique
179381	27203	unique
179436	1893	unique
179453	16225	unique
179454	16283	unique
179459	12908	unique
179474	10344	span-repeat
179603	17251	span-repeat
179671	9555	unique
179676	15169	unique
179712	18703	unique
179787	21260	unique
179805	21635	unique
179816	11314	unique
179865	17341	unique
179870	11845	unique
180066	13390	unique
180087	20207	span-repeat
180182	17582	span-repeat
180183	14897	span-repeat
180257	12317	unique
180271	14518	unique
180282	13360	unique
180301	18449	unique
180352	15918	unique
180425	10750	unique
180499	12294	unique
180575	10530	unique
180609	20159	unique
180616	9716	unique
180670	15206	unique
180858	9808	unique
180896	18930	span-repeat
180904	19364	span-repeat
180906	14476	unique
180927	14231	unique
180980	8963	unique
180989	20341	unique
181016	12509	unique
181035	13669	unique
181140	14988	unique
181199	11167	unique
181392	20761	unique
181459	17273	unique
181540	16940	unique
181666	19769	span-repeat
181748	23240	unique
181756	9937	unique
181762	16209	unique
181802	4147	span-repeat
181816	11192	unique
181886	12278	unique
181910	25037	unique
181934	11210	unique
182074	13008	unique
182122	16264	unique
182150	7776	unique
182156	13746	unique
182180	14112	unique
182226	19301	unique
182247	10130	unique
182284	24556	span-repeat
182454	15563	unique
182465	11601	unique
182470	13051	unique
182511	10351	unique
182517	15423	unique
182533	19223	span-repeat
182550	8182	unique
182571	10133	unique
182613	21711	unique
182633	10711	unique
182647	12987	span-repeat
182761	7906	unique
182814	13420	unique
182929	17129	unique
182937	11799	unique
182978	12273	unique
183182	18287	unique
183223	24435	unique
183224	13448	unique
183316	5616	unique
183326	21766	unique
183368	15071	unique
183400	5969	span-repeat
183406	11524	unique
183504	22808	unique
183511	16226	unique
183605	13079	unique
183619	12438	span-repeat
183633	16640	unique
183674	14075	unique
183771	11491	unique
183779	15454	unique
183780	9617	unique
183856	20506	unique
183885	23319	unique
183944	13885	unique
184049	16997	unique
184109	16467	unique
184288	20658	unique
184296	18264	unique
184330	23069	unique
184336	14824	unique
184410	27749	unique
184463	16069	unique
184480	8586	span-repeat
184535	2750	unique
184667	17042	unique
184673	15666	span-repeat
184675	9776	unique
184699	14134	unique
184715	20336	unique
184880	29291	unique
184893	14007	unique
184969	9316	unique
184981	13818	unique
185040	13380	uniq-repeat-cont
185067	15004	unique
185078	11014	unique
185079	11888	unique
185249	16389	unique
185252	11637	unique
185276	11932	unique
185297	18097	unique
185363	25673	span-repeat
185396	16902	uniq-repeat-cont
185460	21578	unique
185516	8433	unique
185581	29103	unique
185583	17756	unique
185629	13474	unique
185630	14312	unique
185686	18713	unique
185740	16028	unique
185747	12542	unique
185783	18524	unique
185810	8108	unique
185842	15645	unique
185921	24629	unique
186095	14974	unique
186384	18979	unique
186781	20395	unique
186810	23190	unique
186827	20749	unique
186868	4266	uniq-repeat-dove
186995	8295	unique
187015	11030	unique
187070	12074	unique
187106	15260	unique
187122	14797	unique
187139	18169	span-repeat
187178	10172	uniq-repeat-cont
187198	18250	unique
187330	15539	span-repeat
187361	19475	unique
187383	20936	unique
187437	18284	span-repeat
187456	17836	unique
187498	12252	unique
187511	19144	unique
187612	20179	unique
187616	13700	unique
187634	15978	unique
187767	21850	unique
187792	12642	unique
187800	10535	unique
187814	18300	unique
187825	12197	unique
187866	12582	unique
187899	15319	span-repeat
187968	27673	unique
188043	15213	unique
188073	12915	unique
188076	18102	unique
188126	14791	unique
188272	19488	unique
188320	19828	unique
188346	11418	unique
188469	15767	unique
188547	10706	unique
188601	18642	span-repeat
188672	16307	unique
188749	19868	unique
188777	13303	unique
188834	17864	unique
189018	26213	unique
189042	15135	span-repeat
189045	23009	unique
189118	9119	unique
189125	22380	span-repeat
189147	13689	unique
189196	19497	span-repeat
189198	11579	unique
189280	6327	unique
189294	14464	span-repeat
189388	12755	unique
189403	15883	unique
189444	24568	unique
189461	13046	unique
189493	9333	unique
189506	21393	unique
189510	14750	unique
189541	11967	unique
189609	11177	unique
189630	35867	uniq-repeat-dove
189634	12082	unique
189691	10238	unique
189779	17950	unique
189824	8396	unique
189837	17770	unique
189869	10389	unique
189922	1348	unique
189989	19644	unique
190054	12367	span-repeat
190157	11126	unique
190164	13057	unique
190178	16735	span-repeat
190228	19827	unique
190270	10398	unique
190288	11758	unique
190300	12169	unique
190307	13213	unique
190380	16405	unique
190385	17269	unique
190398	13802	span-repeat
190420	10987	span-repeat
190615	7668	unique
190655	12097	unique
190663	13321	uniq-repeat-cont
190686	18970	unique
190770	23422	unique
190775	19976	span-repeat
190789	10570	unique
190800	9591	uniq-repeat-cont
190813	11419	unique
190881	15588	unique
190918	22566	span-repeat
190925	16988	span-repeat
190947	11928	unique
190968	25782	unique
191042	22607	unique
191072	19353	unique
191073	11614	unique
191084	12941	unique
191316	12642	unique
191319	30707	unique
191378	15320	uniq-repeat-cont
191392	22339	span-repeat
191437	10434	unique
191482	21680	unique
191487	13507	unique
191526	11512	unique
191574	11499	unique
191648	12794	unique
191652	18886	uniq-repeat-cont
191657	12178	unique
191720	6614	unique
191849	12476	span-repeat
191878	10776	uniq-repeat-cont
191920	13716	unique
191941	10896	unique
191950	12895	unique
191983	7875	unique
191990	14821	uniq-repeat-cont
192040	13833	unique
192074	16136	span-repeat
192116	8937	unique
192281	19786	unique
192342	6583	unique
192473	22653	span-repeat
192540	16475	unique
192604	15075	unique
192701	19762	unique
192755	17351	uniq-repeat-cont
192764	22180	unique
192887	19939	unique
192914	21580	unique
192982	22424	unique
193063	2899	unique
193096	21489	unique
193100	11698	unique
193103	8306	unique
193124	20054	unique
193158	22559	span-repeat
193359	8770	unique
193375	12118	unique
193410	23679	unique
193414	25024	uniq-repeat-cont
193436	23497	unique
193469	13106	unique
193526	9928	unique
193566	15150	unique
193651	20854	unique
193726	6849	unique
193728	25081	unique
193745	17887	unique
193767	18297	unique
193877	16141	unique
193928	8652	unique
194034	12567	unique
194037	10122	unique
194038	28393	unique
194095	27706	uniq-repeat-dove
194188	22864	unique
194201	9783	unique
194263	11662	unique
194309	18756	unique
194436	22851	span-repeat
194537	10881	unique
194590	14553	unique
194595	20852	unique
194614	10293	unique
194635	23287	unique
194691	13836	unique
195058	15855	unique
195092	11808	uniq-repeat-cont
195186	12829	uniq-repeat-cont
195233	13152	unique
195291	16745	unique
195314	20547	unique
195322	16050	unique
195392	13206	unique
195418	9661	unique
195451	17929	uniq-repeat-cont
195457	15188	unique
195460	28615	span-repeat
195529	19714	middle-missing
195546	26653	uniq-repeat-dove
195591	15928	unique
195596	21473	unique
195617	8264	unique
195621	17477	unique
195623	19977	uniq-repeat-cont
195625	16630	unique
195627	12291	unique
195632	12037	unique
195633	5617	unique
195643	12561	unique
195725	12878	uniq-repeat-cont
195746	11814	span-repeat
195785	16343	unique
195815	28998	unique
195825	5233	unique
195849	19899	unique
195850	11678	unique
195908	20716	unique
195949	16838	unique
195965	21043	span-repeat
196006	21285	unique
196057	18819	unique
196070	8823	unique
196103	10187	unique
196117	11103	unique
196157	19858	unique
196243	12682	unique
196244	11833	span-repeat
196275	29249	span-repeat
196293	22390	unique
196351	15989	unique
196372	7243	unique
196414	11047	unique
196456	19298	unique
196457	18611	uniq-repeat-cont
196546	18377	unique
196568	10711	unique
196618	25857	span-repeat
196704	11366	unique
196719	11124	unique
196721	16715	unique
196731	9842	unique
196774	14625	unique
196783	9281	unique
196914	11604	unique
196928	10220	unique
196940	11511	unique
196955	12221	unique
196982	19802	unique
197001	20697	span-repeat
197145	14575	unique
197249	6072	unique
197264	18307	unique
197335	13584	unique
197375	17839	unique
197413	9968	unique
197417	19681	unique
197483	9997	unique
197501	12392	span-repeat
197570	23864	unique
197627	27992	span-repeat
197685	17265	unique
197724	8011	unique
197740	14216	unique
197800	13444	unique
197810	12524	unique
197823	11962	unique
197825	10347	unique
197852	14231	unique
197895	21506	unique
197901	17000	unique
197961	13124	unique
198022	18058	unique
198035	18984	unique
198058	14302	unique
198082	10190	unique
198129	12197	unique
198201	11357	span-repeat
198216	19310	span-repeat
198219	10655	unique
198264	14619	unique
198340	14024	unique
198366	19005	unique
198407	11929	uniq-repeat-cont
198507	17421	unique
198586	11029	unique
198649	10368	unique
198684	11713	unique
198727	21815	unique
198808	14333	unique
198817	16924	unique
198818	20867	unique
198827	14865	unique
198902	16388	span-repeat
198916	13989	unique
198918	18749	unique
198974	19033	span-repeat
199028	11233	unique
199047	9738	unique
199074	20558	span-repeat
199109	9980	unique
199120	14710	unique
199158	15068	unique
199189	13073	unique
199222	10692	unique
199261	19533	unique
199328	28701	span-repeat
199375	18863	unique
199412	11149	unique
199463	11746	unique
199606	16317	unique
199624	24511	unique
199694	11983	unique
199806	11771	uniq-repeat-cont
199836	14156	unique
199887	10918	unique
199922	18922	unique
199991	15121	unique
199993	14398	uniq-repeat-cont
200005	11198	unique
200019	10970	unique
200201	15093	unique
200215	13790	unique
200216	11487	unique
200251	11830	unique
200279	17826	span-repeat
200318	11900	unique
200427	13970	unique
200429	11077	unique
200436	18986	span-repeat
200451	18593	span-repeat
200482	21208	unique
200640	9591	unique
200698	20346	unique
200730	12404	unique
200731	16214	unique
200745	19585	unique
200764	19876	unique
200767	14608	span-repeat
200807	11987	unique
200859	15401	unique
200881	9993	unique
200894	12848	unique
200973	11347	unique
201152	20368	unique
201168	14504	unique
201205	18827	unique
201248	11096	unique
201257	15417	unique
201300	11006	unique
201333	20586	unique
201354	10756	unique
201426	15924	unique
201471	29200	span-repeat
201555	12788	unique
201647	13200	uniq-repeat-cont
201654	13802	unique
201660	23123	unique
201753	17103	unique
201839	11440	unique
201930	14961	unique
201969	13233	unique
202000	21502	span-repeat
202018	19664	uniq-repeat-cont
202054	12306	span-repeat
202095	22829	span-repeat
202103	10659	span-repeat
202209	17030	unique
202249	9811	unique
202260	16444	unique
202330	23789	unique
202406	10010	unique
202418	18524	unique
202432	23372	unique
202452	23954	unique
202478	19152	unique
202523	16786	unique
202533	13933	span-repeat
202657	10603	unique
202740	13581	unique
202822	14860	unique
202828	10897	unique
202992	14981	unique
203024	9492	unique
203025	14351	span-repeat
203085	25328	uniq-repeat-dove
203205	15466	unique
203264	18079	unique
203370	8730	uniq-repeat-cont
203392	15109	unique
203505	11129	unique
203506	13575	unique
203555	17225	unique
203568	9902	unique
203699	23014	unique
203723	19595	unique
203748	21268	span-repeat
203758	9309	unique
203781	1074	no-5-prime
203843	13257	uniq-repeat-cont
203996	7516	unique
204009	12604	unique
204018	22644	unique
204134	18610	unique
204178	11715	span-repeat
204198	10168	unique
204253	9652	unique
204262	12452	unique
204285	6533	unique
204374	10873	unique
204377	8734	unique
204514	32922	unique
204516	15799	unique
204610	23574	uniq-repeat-dove
204612	21076	unique
204932	12503	unique
205017	17681	unique
205270	13908	unique
205362	10159	unique
205408	22645	unique
205431	18872	unique
205447	17116	unique
205465	25194	unique
205508	11034	unique
205612	36338	uniq-repeat-dove
205632	2794	unique
205637	14277	unique
205731	26210	unique
205848	9620	uniq-repeat-cont
205945	15992	span-repeat
206014	15238	unique
206069	25697	unique
206119	11377	unique
206279	18318	unique
206350	17427	unique
206368	17848	uniq-repeat-cont
206373	10701	unique
206454	6486	unique
206455	21771	unique
206484	21266	unique
206510	20573	span-repeat
206516	36856	uniq-repeat-dove
206598	20062	uniq-repeat-cont
206618	22367	unique
206661	1870	uniq-repeat-cont
206673	20903	unique
206783	13626	unique
206797	15045	span-repeat
206811	24735	unique
206844	20827	span-repeat
206896	19222	unique
206980	18301	unique
206987	10874	unique
206988	8607	unique
207025	12182	unique
207097	21007	unique
207160	18884	unique
207199	12032	unique
207203	14032	unique
207249	10665	unique
207273	13570	unique
207276	10293	unique
207312	15466	unique
207317	10860	unique
207321	13339	unique
207327	9302	unique
207329	18541	unique
207344	17910	uniq-repeat-cont
207376	5424	unique
207416	15984	unique
207458	9827	unique
207632	19228	unique
207682	19007	unique
207695	8066	unique
207721	16794	unique
207737	13598	unique
207777	9813	unique
207971	10221	unique
207988	10737	unique
207996	14745	unique
208013	13506	unique
208056	13520	unique
208124	11526	unique
208152	1194	unique
208186	27995	unique
208262	28348	unique
208309	17363	span-repeat
208378	18619	unique
208385	15510	unique
208423	11494	unique
208440	12093	unique
208451	22278	unique
208505	10758	unique
208508	24474	span-repeat
208530	23015	unique
208591	10131	span-repeat
208732	19047	unique
208757	9773	span-repeat
208839	18352	unique
208876	18993	span-repeat
208884	12520	unique
208910	18578	unique
208977	17013	uniq-repeat-cont
208985	14433	unique
209103	21534	unique
209107	13915	unique
209116	12155	unique
209157	24754	span-repeat
209172	21048	unique
209244	14382	uniq-repeat-cont
209256	12595	span-repeat
209276	10530	unique
209335	11634	unique
209402	27056	unique
209438	9920	unique
209451	21157	unique
209468	17022	uniq-repeat-cont
209485	23319	unique
209487	15522	unique
209588	14425	unique
209872	9539	unique
209874	19966	unique
210005	12682	unique
210095	10626	unique
210153	15056	unique
210177	16715	unique
210189	14103	span-repeat
210210	11387	unique
210262	22882	span-repeat
210326	8658	unique
210390	10102	unique
210398	18051	unique
210429	17419	uniq-repeat-cont
210431	31318	span-repeat
210472	16651	unique
210496	9067	unique
210513	8835	unique
210712	22472	span-repeat
210728	11706	span-repeat
210829	17833	unique
210873	13361	unique
210881	14157	unique
210997	11339	unique
211027	20996	unique
211052	20081	unique
211080	15845	unique
211157	9179	unique
211185	24916	unique
211238	20559	uniq-repeat-cont
211310	11911	unique
211432	8718	unique
211474	13301	unique
211548	18853	span-repeat
211573	7063	span-repeat
211590	25569	uniq-repeat-dove
211599	18384	unique
211619	9334	unique
211693	19118	unique
211717	14723	unique
211744	24497	unique
211772	16934	uniq-repeat-cont
211814	9354	unique
211823	9714	unique
211835	12493	span-repeat
211867	23370	span-repeat
211885	10477	unique
211892	20110	unique
211906	20124	uniq-repeat-cont
211908	11280	unique
211952	11678	unique
211953	14761	unique
211956	12372	unique
211965	13923	uniq-repeat-cont
212003	17455	unique
212004	17477	unique
212005	9645	unique
212136	8315	unique
212188	13984	unique
212194	1332	unique
212233	21129	unique
212434	9991	unique
212525	27219	unique
212701	18910	unique
212703	19737	unique
212723	9150	unique
212773	11648	unique
212808	20492	span-repeat
212879	14114	unique
212954	7307	unique
213139	12206	uniq-repeat-cont
213175	7986	unique
213215	8905	unique
213281	15153	unique
213326	32009	unique
213330	18024	unique
213480	9968	unique
213492	19278	unique
213501	20458	uniq-repeat-cont
213523	1241	unique
213547	12960	unique
213563	11850	unique
213573	7763	span-repeat
213592	12655	unique
213616	10187	unique
213659	8670	unique
213865	21879	span-repeat
214064	16751	unique
214109	14418	unique
214122	20064	unique
214167	21185	unique
214195	12738	unique
214328	20458	span-repeat
214420	3019	unique
214450	16486	unique
214499	12379	unique
214526	18737	unique
214581	17681	uniq-repeat-cont
214591	13088	unique
214593	15530	uniq-repeat-cont
214615	22466	unique
214652	13606	unique
214723	19336	unique
214731	24435	unique
214746	4156	unique
214903	20281	span-repeat
215012	18458	unique
215020	23303	unique
215075	12556	unique
215107	18964	span-repeat
215157	10089	unique
215217	1784	contained-repeat
215222	9873	unique
215226	11848	unique
215263	18162	unique
