
Found perl:
   /usr/bin/perl
   This is perl 5, version 16, subversion 3 (v5.16.3) built for x86_64-linux-thread-multi

Found java:
   /sw/comp/java/x86_64/sun_jdk1.8.0_151/bin/java
   java version "1.8.0_151"

Found canu:
   /sw/bioinfo/canu/2.2/rackham/bin/canu
   canu snapshot v2.2 +0 changes (r10279 af9c6e709ff2d6473cf966702c420b9eb42d9078)

Running job 1 based on command line options.

Found 1 command tree.

Counting 65 (estimated) million canonical 22-mers from 1 input file:
    canu-seqStore: ../../genome_assembly.seqStore


SIMPLE MODE
-----------

  Not possible.


COMPLEX MODE
------------

prefix     # of   struct   kmers/    segs/      min     data    total
  bits   prefix   memory   prefix   prefix   memory   memory   memory
------  -------  -------  -------  -------  -------  -------  -------
     1     2  P   356 kB    16 MM    21 kS  8192  B   175 MB   175 MB
     2     4  P   354 kB  8343 kM    10 kS    16 kB   171 MB   171 MB
     3     8  P   359 kB  4171 kM  5347  S    32 kB   167 MB   167 MB
     4    16  P   376 kB  2085 kM  2609  S    64 kB   163 MB   163 MB
     5    32  P   419 kB  1042 kM  1272  S   128 kB   159 MB   159 MB
     6    64  P   512 kB   521 kM   620  S   256 kB   155 MB   155 MB
     7   128  P   706 kB   260 kM   302  S   512 kB   151 MB   151 MB
     8   256  P  1102 kB   130 kM   147  S  1024 kB   147 MB   148 MB
     9   512  P  1904 kB    65 kM    72  S  2048 kB   144 MB   145 MB
    10  1024  P  3512 kB    32 kM    35  S  4096 kB   140 MB   143 MB  Best Value!
    11  2048  P  6736 kB    16 kM    17  S  8192 kB   136 MB   142 MB
    12  4096  P    12 MB  8344  M     9  S    16 MB   144 MB   156 MB
    13  8192  P    25 MB  4172  M     4  S    32 MB   128 MB   153 MB
    14    16 kP    50 MB  2086  M     2  S    64 MB   128 MB   178 MB
    15    32 kP   101 MB  1043  M     1  S   128 MB   128 MB   229 MB
    16    64 kP   202 MB   522  M     1  S   256 MB   256 MB   458 MB
    17   128 kP   405 MB   261  M     1  S   512 MB   512 MB   917 MB
    18   256 kP   810 MB   131  M     1  S  1024 MB  1024 MB  1834 MB
    19   512 kP  1620 MB    66  M     1  S  2048 MB  2048 MB  3668 MB
    20  1024 kP  3240 MB    33  M     1  S  4096 MB  4096 MB  7336 MB


FINAL CONFIGURATION
-------------------

Estimated to require 283 MB memory out of 2048 MB allowed.
Estimated to require 2 batches.

Configured complex mode for 0.277 GB memory per batch, and up to 2 batches.

Start counting with THREADED method.
Used 0.282 GB / 1.984 GB to store      2094291 kmers; need 0.000 GB to sort        16024 kmers
Used 0.399 GB / 1.984 GB to store     31413499 kmers; need 0.008 GB to sort       270674 kmers
Used 0.518 GB / 1.984 GB to store     60731018 kmers; need 0.016 GB to sort       550645 kmers

Input complete.  Writing results to './genome_assembly.01.meryl.WORKING', using 2 threads.
finishIteration()--

Finished counting.

Cleaning up.

Bye.
