
Found perl:
   /usr/bin/perl
   This is perl 5, version 16, subversion 3 (v5.16.3) built for x86_64-linux-thread-multi

Found java:
   /sw/comp/java/x86_64/sun_jdk1.8.0_151/bin/java
   java version "1.8.0_151"

Found canu:
   /sw/bioinfo/canu/2.2/rackham/bin/canu
   canu snapshot v2.2 +0 changes (r10279 af9c6e709ff2d6473cf966702c420b9eb42d9078)


Creating library 'ERR2028495' for PacBio raw reads.

               reads               bases
---------- --------- ------ ------------ ------
Loaded         34231  62.8%    430589761  98.0%  /crex/proj/genomeanalysis2022/Genome_Analysis/2_Christel_2017/DNA_raw_data/ERR2028495.fastq.gz
Short          20261  37.2%      8722181   2.0%


Creating library 'ERR2028496' for PacBio raw reads.

               reads               bases
---------- --------- ------ ------------ ------
Loaded         31978  58.7%    410111572  98.2%  /crex/proj/genomeanalysis2022/Genome_Analysis/2_Christel_2017/DNA_raw_data/ERR2028496.fastq.gz
Short          22513  41.3%      7697988   1.8%


Creating library 'ERR2028497' for PacBio raw reads.

               reads               bases
---------- --------- ------ ------------ ------
Loaded         33364  61.2%    435541647  98.2%  /crex/proj/genomeanalysis2022/Genome_Analysis/2_Christel_2017/DNA_raw_data/ERR2028497.fastq.gz
Short          21129  38.8%      8077116   1.8%


Creating library 'ERR2028500' for PacBio raw reads.

               reads               bases
---------- --------- ------ ------------ ------
Loaded         39126  71.8%    577454977  99.0%  /crex/proj/genomeanalysis2022/Genome_Analysis/2_Christel_2017/DNA_raw_data/ERR2028500.fastq.gz
Short          15367  28.2%      5589138   1.0%


Creating library 'ERR2028501' for PacBio raw reads.

               reads               bases
---------- --------- ------ ------------ ------
Loaded         36436  66.9%    537398256  99.0%  /crex/proj/genomeanalysis2022/Genome_Analysis/2_Christel_2017/DNA_raw_data/ERR2028501.fastq.gz
Short          18057  33.1%      5387372   1.0%


Creating library 'ERR2028502' for PacBio raw reads.

               reads               bases
---------- --------- ------ ------------ ------
Loaded         40141  73.7%    607308541  99.2%  /crex/proj/genomeanalysis2022/Genome_Analysis/2_Christel_2017/DNA_raw_data/ERR2028502.fastq.gz
Short          14352  26.3%      5061616   0.8%


All reads processed.

               reads               bases
---------- --------- ------ ------------ ------
Loaded        215276  65.8%   2998404754  98.7%
Short         111679  34.2%     40535411   1.3%


EXCESSIVE COVERAGE DETECTED.  Sampling reads.

For genome size of      3000000 bases,
            retain    600000000 bases (200.00X coverage).

Found       215276 reads with   2998404754 bases (999.47X coverage).
Dropped     172313 reads with   2398386247 bases (799.46X coverage).
Retained     42963 reads with    600018507 bases (200.01X coverage).

Bye.
