
Configuring for:
  hash table:       80000000 bases.
  read stream:    1000000000 bases.


       Raw          Raw  Corrected    Corrected    Trimmed      Trimmed
     Reads        Bases      Reads        Bases      Reads        Bases
---------- ------------ ---------- ------------ ---------- ------------
      1124     13687779         97      2124812         97      2124812
      2268     27709173        225      4865896        225      4865896
      3362     41881309        327      7019867        327      7019867
      4478     55647825        451      9629525        451      9629525
      5588     69298794        551     11808230        551     11808230
      6694     83542378        660     14111411        660     14111411
      7775     97635551        774     16416866        774     16416866
      8892    111656540        894     18785987        894     18785987
      9958    125060452        996     20932359        996     20932359
     11057    139338064       1098     23090475       1098     23090475
     12132    153534192       1193     25125747       1193     25125747
     13263    168338254       1304     27534900       1304     27534900
     14360    182619635       1416     29837216       1416     29837216
     15480    198030285       1541     32527765       1541     32527765
     16619    213315616       1663     35030613       1663     35030613
     17759    228108960       1784     37619133       1784     37619133
     18874    242089026       1893     40072870       1893     40072870
     19938    256133506       2016     42717261       2016     42717261
     21009    271526583       2112     44558608       2112     44558608
     22080    287366400       2222     46764015       2222     46764015
     23168    304299502       2343     49270688       2343     49270688
     24317    321837181       2469     51924895       2469     51924895
     25366    337070988       2580     54129543       2580     54129543
     26483    353446587       2681     56262299       2681     56262299
     27603    369935047       2806     58928180       2806     58928180
     28673    385795956       2909     60968390       2909     60968390
     29800    402954173       3041     63675122       3041     63675122
     30919    419449925       3163     66271838       3163     66271838
     31992    434547725       3254     68104902       3254     68104902
     33101    451037496       3369     70479600       3369     70479600
     34201    467465648       3465     72409006       3465     72409006
     35268    483562731       3566     74469252       3566     74469252
     36373    500314745       3679     76763585       3679     76763585
     37473    517096954       3786     79069934       3786     79069934
     38538    533533211       3907     81589989       3907     81589989
     39651    550810997       4041     84273689       4041     84273689
     40770    567835298       4160     86769654       4160     86769654
     41858    583607353       4274     89167260       4274     89167260
---------- ------------ ---------- ------------ ---------- ------------
     42963    600018507       4389     91412763       4389     91412763

  Job       Hash Range        # Reads      # Bases      Stream Range        # Reads      # Bases
----- --------------------- --------- ------------  --------------------- --------- ------------
    1          1-215276          4362     68355330           1-215276          4362     68355330
